2011-07-07 12:28:14,464 INFO  coreservlets.HelloServlet3 :37 - invoked the LoggingServlet..........
2011-07-07 12:28:14,558 INFO  coreservlets.HelloServlet3 :43 - http://192.168.1.63:8201/intro/seep
2011-07-07 12:28:14,558 INFO  coreservlets.HelloServlet3 :44 - 
2011-07-07 12:28:14,558 INFO  coreservlets.HelloServlet3 :47 - con...
2011-07-07 12:28:14,900 INFO  coreservlets.HelloServlet3 :53 - ok
2011-07-07 12:28:15,617 INFO  coreservlets.HelloServlet3 :103 - end..........
2011-07-07 12:28:29,343 INFO  coreservlets.HelloServlet3 :37 - invoked the LoggingServlet..........
2011-07-07 12:28:29,343 INFO  coreservlets.HelloServlet3 :43 - http://192.168.1.63:8201/intro/seep
2011-07-07 12:28:29,343 INFO  coreservlets.HelloServlet3 :44 - cid=4
2011-07-07 12:28:29,343 INFO  coreservlets.HelloServlet3 :47 - con...
2011-07-07 12:28:29,374 INFO  coreservlets.HelloServlet3 :53 - ok
2011-07-07 12:28:34,625 INFO  coreservlets.HelloServlet3 :37 - invoked the LoggingServlet..........
2011-07-07 12:28:34,625 INFO  coreservlets.HelloServlet3 :43 - http://192.168.1.63:8201/intro/seep
2011-07-07 12:28:34,625 INFO  coreservlets.HelloServlet3 :44 - cid=4
2011-07-07 12:28:34,625 INFO  coreservlets.HelloServlet3 :47 - con...
2011-07-07 12:28:34,625 INFO  coreservlets.HelloServlet3 :53 - ok
2011-07-07 12:30:23,177 INFO  coreservlets.HelloServlet3 :37 - invoked the LoggingServlet..........
2011-07-07 12:30:23,177 INFO  coreservlets.HelloServlet3 :43 - http://192.168.1.63:8201/intro/seep
2011-07-07 12:30:23,177 INFO  coreservlets.HelloServlet3 :44 - 
2011-07-07 12:30:23,177 INFO  coreservlets.HelloServlet3 :47 - con...
2011-07-07 12:30:23,489 INFO  coreservlets.HelloServlet3 :53 - ok
2011-07-07 12:30:23,676 INFO  coreservlets.HelloServlet3 :103 - end..........
2011-07-07 12:34:36,344 INFO  coreservlets.HelloServlet3 :37 - invoked the LoggingServlet..........
2011-07-07 12:34:36,344 INFO  coreservlets.HelloServlet3 :43 - http://192.168.1.63:8201/intro/seep
2011-07-07 12:34:36,344 INFO  coreservlets.HelloServlet3 :44 - 
2011-07-07 12:34:36,344 INFO  coreservlets.HelloServlet3 :47 - con...
2011-07-07 12:34:36,655 INFO  coreservlets.HelloServlet3 :53 - ok
2011-07-07 12:34:36,796 INFO  coreservlets.HelloServlet3 :103 - end..........
2011-07-07 12:36:42,298 INFO  coreservlets.HelloServlet3 :37 - invoked the LoggingServlet..........
2011-07-07 12:36:42,298 INFO  coreservlets.HelloServlet3 :43 - http://192.168.1.63:8201/intro/seep
2011-07-07 12:36:42,298 INFO  coreservlets.HelloServlet3 :44 - 
2011-07-07 12:36:42,298 INFO  coreservlets.HelloServlet3 :47 - con...
2011-07-07 12:36:42,609 INFO  coreservlets.HelloServlet3 :53 - ok
2011-07-07 12:36:42,749 INFO  coreservlets.HelloServlet3 :103 - end..........
2011-07-07 12:39:39,721 INFO  coreservlets.HelloServlet3 :37 - invoked the LoggingServlet..........
2011-07-07 12:39:39,721 INFO  coreservlets.HelloServlet3 :43 - http://192.168.1.63:8201/intro/seep
2011-07-07 12:39:39,721 INFO  coreservlets.HelloServlet3 :44 - 
2011-07-07 12:39:39,721 INFO  coreservlets.HelloServlet3 :47 - con...
2011-07-07 12:39:39,721 INFO  coreservlets.HelloServlet3 :53 - ok
2011-07-07 12:39:39,752 INFO  coreservlets.HelloServlet3 :103 - end..........
2011-07-07 12:39:49,649 INFO  coreservlets.HelloServlet3 :37 - invoked the LoggingServlet..........
2011-07-07 12:39:49,664 INFO  coreservlets.HelloServlet3 :43 - http://192.168.1.63:8201/intro/seep
2011-07-07 12:39:49,664 INFO  coreservlets.HelloServlet3 :44 - 
2011-07-07 12:39:49,664 INFO  coreservlets.HelloServlet3 :47 - con...
2011-07-07 12:39:49,664 INFO  coreservlets.HelloServlet3 :53 - ok
2011-07-07 12:39:49,664 INFO  coreservlets.HelloServlet3 :103 - end..........
2011-07-07 12:41:22,413 INFO  coreservlets.HelloServlet3 :37 - invoked the LoggingServlet..........
2011-07-07 12:41:22,429 INFO  coreservlets.HelloServlet3 :42 - http://192.168.1.63:8201/intro/seep
2011-07-07 12:41:22,429 INFO  coreservlets.HelloServlet3 :43 - 
2011-07-07 12:41:22,429 INFO  coreservlets.HelloServlet3 :46 - con...
2011-07-07 12:41:22,740 INFO  coreservlets.HelloServlet3 :52 - ok
2011-07-07 12:41:22,865 INFO  coreservlets.HelloServlet3 :102 - end..........
2011-07-07 12:43:22,922 INFO  coreservlets.HelloServlet3 :37 - invoked the LoggingServlet..........
2011-07-07 12:43:22,922 INFO  coreservlets.HelloServlet3 :42 - http://192.168.1.63:8201/intro/seep
2011-07-07 12:43:22,922 INFO  coreservlets.HelloServlet3 :43 - 
2011-07-07 12:43:22,922 INFO  coreservlets.HelloServlet3 :46 - con...
2011-07-07 12:43:23,233 INFO  coreservlets.HelloServlet3 :52 - ok
2011-07-07 12:43:23,374 INFO  coreservlets.HelloServlet3 :103 - end..........
2011-07-07 12:44:38,092 INFO  coreservlets.HelloServlet3 :37 - invoked the LoggingServlet..........
2011-07-07 12:44:38,092 INFO  coreservlets.HelloServlet3 :42 - http://192.168.1.63:8201/intro/seep
2011-07-07 12:44:38,092 INFO  coreservlets.HelloServlet3 :43 - 
2011-07-07 12:44:38,092 INFO  coreservlets.HelloServlet3 :46 - con...
2011-07-07 12:44:38,404 INFO  coreservlets.HelloServlet3 :52 - ok
2011-07-07 12:44:38,528 INFO  coreservlets.HelloServlet3 :103 - end..........
2011-07-07 12:49:36,717 INFO  coreservlets.HelloServlet3 :37 - invoked the LoggingServlet..........
2011-07-07 12:49:36,733 INFO  coreservlets.HelloServlet3 :42 - http://192.168.1.63:8201/intro/seep
2011-07-07 12:49:36,733 INFO  coreservlets.HelloServlet3 :43 - 
2011-07-07 12:49:36,733 INFO  coreservlets.HelloServlet3 :46 - con...
2011-07-07 12:49:37,029 INFO  coreservlets.HelloServlet3 :52 - ok
2011-07-07 12:49:37,185 INFO  coreservlets.HelloServlet3 :96 - success
2011-07-07 12:49:37,185 INFO  coreservlets.HelloServlet3 :103 - end..........
2011-07-07 12:51:02,144 INFO  coreservlets.HelloServlet3 :37 - invoked the LoggingServlet..........
2011-07-07 12:51:02,144 INFO  coreservlets.HelloServlet3 :42 - http://192.168.1.63:8201/intro/seep
2011-07-07 12:51:02,144 INFO  coreservlets.HelloServlet3 :43 - 
2011-07-07 12:51:02,144 INFO  coreservlets.HelloServlet3 :46 - con...
2011-07-07 12:51:02,440 INFO  coreservlets.HelloServlet3 :52 - ok
2011-07-07 12:51:40,143 INFO  coreservlets.HelloServlet3 :37 - invoked the LoggingServlet..........
2011-07-07 12:51:40,143 INFO  coreservlets.HelloServlet3 :42 - http://192.168.1.63:8201/intro/seep
2011-07-07 12:51:40,143 INFO  coreservlets.HelloServlet3 :43 - 
2011-07-07 12:51:40,143 INFO  coreservlets.HelloServlet3 :46 - con...
2011-07-07 12:51:40,579 INFO  coreservlets.HelloServlet3 :52 - ok
2011-07-07 12:53:03,855 INFO  coreservlets.HelloServlet3 :37 - invoked the LoggingServlet..........
2011-07-07 12:53:03,855 INFO  coreservlets.HelloServlet3 :42 - http://192.168.1.63:8201/intro/seep
2011-07-07 12:53:03,855 INFO  coreservlets.HelloServlet3 :43 - 
2011-07-07 12:53:03,855 INFO  coreservlets.HelloServlet3 :46 - con...
2011-07-07 12:53:04,213 INFO  coreservlets.HelloServlet3 :52 - ok
2011-07-07 12:53:04,354 INFO  coreservlets.HelloServlet3 :96 - success
2011-07-07 12:53:04,354 INFO  coreservlets.HelloServlet3 :103 - end..........
2011-07-07 13:02:41,207 INFO  coreservlets.HelloServlet3 :37 - invoked the LoggingServlet..........
2011-07-07 13:02:41,223 INFO  coreservlets.HelloServlet3 :42 - http://192.168.1.63:8201/intro/seep
2011-07-07 13:02:41,223 INFO  coreservlets.HelloServlet3 :43 - cid=5
2011-07-07 13:02:41,223 INFO  coreservlets.HelloServlet3 :46 - con...
2011-07-07 13:02:41,519 INFO  coreservlets.HelloServlet3 :52 - ok
2011-07-07 13:07:17,208 INFO  coreservlets.HelloServlet3 :37 - invoked the LoggingServlet..........
2011-07-07 13:07:17,208 INFO  coreservlets.HelloServlet3 :42 - http://192.168.1.63:8201/intro/seep
2011-07-07 13:07:17,208 INFO  coreservlets.HelloServlet3 :43 - CrewId=5
2011-07-07 13:07:17,208 INFO  coreservlets.HelloServlet3 :46 - con...
2011-07-07 13:07:17,517 INFO  coreservlets.HelloServlet3 :52 - ok
2011-07-07 13:07:17,656 INFO  coreservlets.HelloServlet3 :96 - success
2011-07-07 13:07:17,656 INFO  coreservlets.HelloServlet3 :103 - end..........
2011-07-07 13:08:33,891 INFO  coreservlets.HelloServlet3 :37 - invoked the LoggingServlet..........
2011-07-07 13:08:33,891 INFO  coreservlets.HelloServlet3 :42 - http://192.168.1.63:8201/intro/seep
2011-07-07 13:08:33,891 INFO  coreservlets.HelloServlet3 :43 - CrewId=3
2011-07-07 13:08:33,891 INFO  coreservlets.HelloServlet3 :46 - con...
2011-07-07 13:08:33,922 INFO  coreservlets.HelloServlet3 :52 - ok
2011-07-07 13:08:33,937 INFO  coreservlets.HelloServlet3 :96 - success
2011-07-07 13:08:33,937 INFO  coreservlets.HelloServlet3 :103 - end..........
2011-07-07 13:12:23,192 INFO  coreservlets.HelloServlet3 :37 - invoked the LoggingServlet..........
2011-07-07 13:12:23,192 INFO  coreservlets.HelloServlet3 :42 - http://192.168.1.63:8201/intro/seep
2011-07-07 13:12:23,207 INFO  coreservlets.HelloServlet3 :43 - CrewId=4
2011-07-07 13:12:23,207 INFO  coreservlets.HelloServlet3 :46 - con...
2011-07-07 13:12:23,207 INFO  coreservlets.HelloServlet3 :52 - ok
2011-07-07 13:12:23,254 INFO  coreservlets.HelloServlet3 :96 - success
2011-07-07 13:12:23,254 INFO  coreservlets.HelloServlet3 :103 - end..........
2011-07-07 15:43:55,989 INFO  coreservlets.HelloServlet3 :37 - invoked the LoggingServlet..........
2011-07-07 15:43:56,020 INFO  coreservlets.HelloServlet3 :42 - http://192.168.1.63:8201/intro/seep
2011-07-07 15:43:56,020 INFO  coreservlets.HelloServlet3 :43 - 
2011-07-07 15:43:56,020 INFO  coreservlets.HelloServlet3 :46 - con...
2011-07-07 15:43:56,254 INFO  coreservlets.HelloServlet3 :52 - ok
2011-07-07 16:02:40,216 INFO  coreservlets.HelloServlet3 :37 - invoked the LoggingServlet..........
2011-07-07 16:02:40,216 INFO  coreservlets.HelloServlet3 :42 - http://192.168.1.63:8201/intro/seep
2011-07-07 16:02:40,216 INFO  coreservlets.HelloServlet3 :43 - CrewId=2
2011-07-07 16:02:40,231 INFO  coreservlets.HelloServlet3 :46 - con...
2011-07-07 16:02:40,247 INFO  coreservlets.HelloServlet3 :52 - ok
2011-07-07 16:02:40,278 INFO  coreservlets.HelloServlet3 :96 - success
2011-07-07 16:02:40,278 INFO  coreservlets.HelloServlet3 :103 - end..........
2011-07-07 17:02:10,065 INFO  coreservlets.HelloServlet3 :37 - invoked the LoggingServlet..........
2011-07-07 17:02:10,065 INFO  coreservlets.HelloServlet3 :42 - http://192.168.1.63:8201/intro/seep
2011-07-07 17:02:10,065 INFO  coreservlets.HelloServlet3 :43 - CrewId=5
2011-07-07 17:02:10,065 INFO  coreservlets.HelloServlet3 :46 - con...
2011-07-07 17:02:10,096 INFO  coreservlets.HelloServlet3 :52 - ok
2011-07-07 17:02:10,127 INFO  coreservlets.HelloServlet3 :96 - success
2011-07-07 17:02:10,127 INFO  coreservlets.HelloServlet3 :103 - end..........
2011-07-07 17:02:25,943 INFO  coreservlets.HelloServlet3 :37 - invoked the LoggingServlet..........
2011-07-07 17:02:25,943 INFO  coreservlets.HelloServlet3 :42 - http://192.168.1.63:8201/intro/seep
2011-07-07 17:02:25,943 INFO  coreservlets.HelloServlet3 :43 - 
2011-07-07 17:02:25,943 INFO  coreservlets.HelloServlet3 :46 - con...
2011-07-07 17:02:25,943 INFO  coreservlets.HelloServlet3 :52 - ok
2011-07-07 17:22:57,575 INFO  coreservlets.HelloServlet3 :37 - invoked the LoggingServlet..........
2011-07-07 17:22:57,575 INFO  coreservlets.HelloServlet3 :42 - http://192.168.1.63:8201/intro/seep
2011-07-07 17:22:57,575 INFO  coreservlets.HelloServlet3 :43 - CrewId=5
2011-07-07 17:22:57,575 INFO  coreservlets.HelloServlet3 :46 - con...
2011-07-07 17:22:57,591 INFO  coreservlets.HelloServlet3 :52 - ok
2011-07-07 17:22:57,622 INFO  coreservlets.HelloServlet3 :96 - success
2011-07-07 17:22:57,622 INFO  coreservlets.HelloServlet3 :103 - end..........
2011-07-07 17:23:15,249 INFO  coreservlets.HelloServlet3 :37 - invoked the LoggingServlet..........
2011-07-07 17:23:15,249 INFO  coreservlets.HelloServlet3 :42 - http://192.168.1.63:8201/intro/seep
2011-07-07 17:23:15,249 INFO  coreservlets.HelloServlet3 :43 - 
2011-07-07 17:23:15,249 INFO  coreservlets.HelloServlet3 :46 - con...
2011-07-07 17:23:15,249 INFO  coreservlets.HelloServlet3 :52 - ok
2011-07-07 17:26:42,905 INFO  coreservlets.HelloServlet3 :37 - invoked the LoggingServlet..........
2011-07-07 17:26:42,905 INFO  coreservlets.HelloServlet3 :42 - http://192.168.1.63:8201/intro/seep
2011-07-07 17:26:42,905 INFO  coreservlets.HelloServlet3 :43 - CrewId=4
2011-07-07 17:26:42,905 INFO  coreservlets.HelloServlet3 :46 - con...
2011-07-07 17:26:42,905 INFO  coreservlets.HelloServlet3 :52 - ok
2011-07-07 17:26:42,936 INFO  coreservlets.HelloServlet3 :96 - success
2011-07-07 17:26:42,951 INFO  coreservlets.HelloServlet3 :103 - end..........
2011-07-07 17:27:05,778 INFO  coreservlets.HelloServlet3 :37 - invoked the LoggingServlet..........
2011-07-07 17:27:05,778 INFO  coreservlets.HelloServlet3 :42 - http://192.168.1.63:8201/intro/seep
2011-07-07 17:27:05,778 INFO  coreservlets.HelloServlet3 :43 - 
2011-07-07 17:27:05,778 INFO  coreservlets.HelloServlet3 :46 - con...
2011-07-07 17:27:05,794 INFO  coreservlets.HelloServlet3 :52 - ok
