2011-08-11 14:59:36,867 INFO  com.robocall.CrewVerification :49 - invoked the IfByPhone Test..........
2011-08-11 14:59:36,898 INFO  com.robocall.CrewVerification :53 - http://192.168.1.63:8201/IfByPhone/Crew
2011-08-11 14:59:36,898 INFO  com.robocall.CrewVerification :54 - CrewId=5&survoId=348121&time=11-08-11%2005%3A28%3A30
2011-08-11 14:59:36,898 INFO  com.robocall.CrewVerification :59 - ok
2011-08-11 14:59:36,898 INFO  com.robocall.CrewVerification :60 - CrewId=5&survoId=348121&time=11-08-11%2005%3A28%3A30
2011-08-11 16:10:35,237 INFO  com.robocall.CrewVerification :49 - invoked the IfByPhone Test..........
2011-08-11 16:10:35,237 INFO  com.robocall.CrewVerification :53 - http://192.168.1.63:8201/IfByPhone/Crew
2011-08-11 16:10:35,237 INFO  com.robocall.CrewVerification :54 - CrewId=5&survoId=348121&time=11-08-11%2006%3A39%3A31
2011-08-11 16:10:35,237 INFO  com.robocall.CrewVerification :59 - ok
2011-08-11 16:10:35,237 INFO  com.robocall.CrewVerification :60 - CrewId=5&survoId=348121&time=11-08-11%2006%3A39%3A31
2011-08-11 16:10:46,808 INFO  com.robocall.CrewVerification :49 - invoked the IfByPhone Test..........
2011-08-11 16:10:46,808 INFO  com.robocall.CrewVerification :53 - http://192.168.1.63:8201/IfByPhone/Crew
2011-08-11 16:10:46,808 INFO  com.robocall.CrewVerification :54 - CrewId=1&survoId=348181&time=11-08-11%2006%3A39%3A43
2011-08-11 16:10:46,808 INFO  com.robocall.CrewVerification :59 - ok
2011-08-11 16:10:46,808 INFO  com.robocall.CrewVerification :60 - CrewId=1&survoId=348181&time=11-08-11%2006%3A39%3A43
2011-08-11 16:11:08,562 INFO  com.robocall.ProjectAddress :39 - http://192.168.1.63:8201/IfByPhone/Project
2011-08-11 16:11:08,562 INFO  com.robocall.ProjectAddress :40 - WorkGroup_Id=2574&survoId=348131&pass=1
2011-08-11 16:11:08,562 INFO  com.robocall.ProjectAddress :44 - ok
2011-08-11 16:11:08,562 INFO  com.robocall.ProjectAddress :45 - WorkGroup_Id=2574&survoId=348131&pass=1
2011-08-11 16:11:08,593 INFO  com.robocall.ProjectAddress :110 - success
2011-08-11 16:11:28,597 INFO  com.robocall.ConfirmationRequest :42 - http://192.168.1.63:8201/IfByPhone/Confirmation
2011-08-11 16:11:28,597 INFO  com.robocall.ConfirmationRequest :43 - Status=StatusCompleted&survoId=348141&pass=1P_T2574
2011-08-11 16:11:28,597 INFO  com.robocall.ConfirmationRequest :47 - ok
2011-08-11 16:11:28,597 INFO  com.robocall.ConfirmationRequest :48 - Status=StatusCompleted&survoId=348141&pass=1P_T2574
2011-08-11 16:11:28,847 INFO  com.robocall.ConfirmationRequest :176 - success-3
2011-08-11 16:11:28,847 INFO  com.robocall.ConfirmationRequest :177 - you have completed all your hec
2011-08-11 16:11:47,493 INFO  com.robocall.HecStatusRequest :40 - http://192.168.1.63:8201/IfByPhone/HecStatus
2011-08-11 16:11:47,493 INFO  com.robocall.HecStatusRequest :41 - pid=10&survoid=348151&pass=1P_T2574
2011-08-11 16:11:47,493 INFO  com.robocall.HecStatusRequest :45 - ok
2011-08-11 16:11:47,493 INFO  com.robocall.HecStatusRequest :46 - pid=10&survoid=348151&pass=1P_T2574
2011-08-11 16:11:47,493 INFO  com.robocall.HecStatusRequest :81 - visitnext10
2011-08-11 16:11:47,493 INFO  com.robocall.HecStatusRequest :83 - pas2574
2011-08-11 16:11:54,129 INFO  com.robocall.HecStatusRequest :40 - http://192.168.1.63:8201/IfByPhone/HecStatus
2011-08-11 16:11:54,129 INFO  com.robocall.HecStatusRequest :41 - pid=NA&Hec=348201&pass=1P_T2574
2011-08-11 16:11:54,129 INFO  com.robocall.HecStatusRequest :45 - ok
2011-08-11 16:11:54,129 INFO  com.robocall.HecStatusRequest :46 - pid=NA&Hec=348201&pass=1P_T2574
2011-08-11 16:11:54,129 INFO  com.robocall.HecStatusRequest :81 - visitnextNA
2011-08-11 16:11:54,129 INFO  com.robocall.HecStatusRequest :83 - pas2574
2011-08-11 16:13:36,040 INFO  com.robocall.CrewVerification :49 - invoked the IfByPhone Test..........
2011-08-11 16:13:36,040 INFO  com.robocall.CrewVerification :53 - http://192.168.1.63:8201/IfByPhone/Crew
2011-08-11 16:13:36,040 INFO  com.robocall.CrewVerification :54 - CrewId=6&survoId=348121&time=11-08-11%2006%3A42%3A32
2011-08-11 16:13:36,040 INFO  com.robocall.CrewVerification :59 - ok
2011-08-11 16:13:36,040 INFO  com.robocall.CrewVerification :60 - CrewId=6&survoId=348121&time=11-08-11%2006%3A42%3A32
2011-08-11 16:13:47,924 INFO  com.robocall.CrewVerification :49 - invoked the IfByPhone Test..........
2011-08-11 16:13:47,924 INFO  com.robocall.CrewVerification :53 - http://192.168.1.63:8201/IfByPhone/Crew
2011-08-11 16:13:47,924 INFO  com.robocall.CrewVerification :54 - CrewId=7&survoId=348181&time=11-08-11%2006%3A42%3A44
2011-08-11 16:13:47,924 INFO  com.robocall.CrewVerification :59 - ok
2011-08-11 16:13:47,924 INFO  com.robocall.CrewVerification :60 - CrewId=7&survoId=348181&time=11-08-11%2006%3A42%3A44
2011-08-11 16:13:58,730 INFO  com.robocall.CrewVerification :49 - invoked the IfByPhone Test..........
2011-08-11 16:13:58,730 INFO  com.robocall.CrewVerification :53 - http://192.168.1.63:8201/IfByPhone/Crew
2011-08-11 16:13:58,730 INFO  com.robocall.CrewVerification :54 - CrewId=1&survoId=348181&time=11-08-11%2006%3A42%3A55
2011-08-11 16:13:58,730 INFO  com.robocall.CrewVerification :59 - ok
2011-08-11 16:13:58,730 INFO  com.robocall.CrewVerification :60 - CrewId=1&survoId=348181&time=11-08-11%2006%3A42%3A55
2011-08-11 16:14:15,767 INFO  com.robocall.ProjectAddress :39 - http://192.168.1.63:8201/IfByPhone/Project
2011-08-11 16:14:15,767 INFO  com.robocall.ProjectAddress :40 - WorkGroup_Id=25844&survoId=348131&pass=1
2011-08-11 16:14:15,767 INFO  com.robocall.ProjectAddress :44 - ok
2011-08-11 16:14:15,767 INFO  com.robocall.ProjectAddress :45 - WorkGroup_Id=25844&survoId=348131&pass=1
2011-08-11 16:14:39,598 INFO  com.robocall.ProjectAddress :39 - http://192.168.1.63:8201/IfByPhone/Project
2011-08-11 16:14:39,598 INFO  com.robocall.ProjectAddress :40 - WorkGroup_Id=2584&survoId=342161&pass=1
2011-08-11 16:14:39,598 INFO  com.robocall.ProjectAddress :44 - ok
2011-08-11 16:14:39,598 INFO  com.robocall.ProjectAddress :45 - WorkGroup_Id=2584&survoId=342161&pass=1
2011-08-11 16:14:39,629 INFO  com.robocall.ProjectAddress :110 - success
2011-08-11 16:14:58,681 INFO  com.robocall.ConfirmationRequest :42 - http://192.168.1.63:8201/IfByPhone/Confirmation
2011-08-11 16:14:58,681 INFO  com.robocall.ConfirmationRequest :43 - Status=StatusCompleted&survoId=348141&pass=1P_T2584
2011-08-11 16:14:58,681 INFO  com.robocall.ConfirmationRequest :47 - ok
2011-08-11 16:14:58,681 INFO  com.robocall.ConfirmationRequest :48 - Status=StatusCompleted&survoId=348141&pass=1P_T2584
2011-08-11 16:14:58,899 INFO  com.robocall.ConfirmationRequest :176 - success-3
2011-08-11 16:14:58,899 INFO  com.robocall.ConfirmationRequest :177 - you have completed all your hec
2011-08-11 16:15:27,164 INFO  com.robocall.HecStatusRequest :40 - http://192.168.1.63:8201/IfByPhone/HecStatus
2011-08-11 16:15:27,164 INFO  com.robocall.HecStatusRequest :41 - pid=2581&survoid=348151&pass=1P_T2584
2011-08-11 16:15:27,164 INFO  com.robocall.HecStatusRequest :45 - ok
2011-08-11 16:15:27,164 INFO  com.robocall.HecStatusRequest :46 - pid=2581&survoid=348151&pass=1P_T2584
2011-08-11 16:15:27,164 INFO  com.robocall.HecStatusRequest :81 - visitnext2581
2011-08-11 16:15:27,164 INFO  com.robocall.HecStatusRequest :83 - pas2584
2011-08-11 16:15:39,173 INFO  com.robocall.HecStatusRequest :40 - http://192.168.1.63:8201/IfByPhone/HecStatus
2011-08-11 16:15:39,173 INFO  com.robocall.HecStatusRequest :41 - pid=2581&Hec=348201&pass=1P_T2584
2011-08-11 16:15:39,173 INFO  com.robocall.HecStatusRequest :45 - ok
2011-08-11 16:15:39,173 INFO  com.robocall.HecStatusRequest :46 - pid=2581&Hec=348201&pass=1P_T2584
2011-08-11 16:15:39,173 INFO  com.robocall.HecStatusRequest :81 - visitnext2581
2011-08-11 16:15:39,173 INFO  com.robocall.HecStatusRequest :83 - pas2584
2011-08-11 16:15:51,744 INFO  com.robocall.HecStatusRequest :40 - http://192.168.1.63:8201/IfByPhone/HecStatus
2011-08-11 16:15:51,744 INFO  com.robocall.HecStatusRequest :41 - pid=2581&Hec=348201&pass=1P_T2584
2011-08-11 16:15:51,744 INFO  com.robocall.HecStatusRequest :45 - ok
2011-08-11 16:15:51,744 INFO  com.robocall.HecStatusRequest :46 - pid=2581&Hec=348201&pass=1P_T2584
2011-08-11 16:15:51,744 INFO  com.robocall.HecStatusRequest :81 - visitnext2581
2011-08-11 16:15:51,744 INFO  com.robocall.HecStatusRequest :83 - pas2584
2011-08-11 16:15:58,849 INFO  com.robocall.HecStatusRequest :40 - http://192.168.1.63:8201/IfByPhone/HecStatus
2011-08-11 16:15:58,849 INFO  com.robocall.HecStatusRequest :41 - pid=NA&Hec=348201&pass=1P_T2584
2011-08-11 16:15:58,849 INFO  com.robocall.HecStatusRequest :45 - ok
2011-08-11 16:15:58,849 INFO  com.robocall.HecStatusRequest :46 - pid=NA&Hec=348201&pass=1P_T2584
2011-08-11 16:15:58,849 INFO  com.robocall.HecStatusRequest :81 - visitnextNA
2011-08-11 16:15:58,849 INFO  com.robocall.HecStatusRequest :83 - pas2584
2011-08-11 16:26:14,545 INFO  com.robocall.HecStatusRequest :40 - http://192.168.1.63:8201/IfByPhone/HecStatus
2011-08-11 16:26:14,545 INFO  com.robocall.HecStatusRequest :41 - pid=NA&Hec=348201&pass=1P_T2584
2011-08-11 16:26:14,545 INFO  com.robocall.HecStatusRequest :45 - ok
2011-08-11 16:26:14,545 INFO  com.robocall.HecStatusRequest :46 - pid=NA&Hec=348201&pass=1P_T2584
2011-08-11 16:26:14,545 INFO  com.robocall.HecStatusRequest :81 - visitnextNA
2011-08-11 16:26:14,545 INFO  com.robocall.HecStatusRequest :83 - pas2584
2011-08-11 16:26:14,561 INFO  com.robocall.HecStatusRequest :87 - query1
2011-08-11 16:26:50,244 INFO  com.robocall.HecStatusRequest :40 - http://192.168.1.63:8201/IfByPhone/HecStatus
2011-08-11 16:26:50,244 INFO  com.robocall.HecStatusRequest :41 - pid=2581&Hec=348201&pass=1P_T2584
2011-08-11 16:26:50,244 INFO  com.robocall.HecStatusRequest :45 - ok
2011-08-11 16:26:50,244 INFO  com.robocall.HecStatusRequest :46 - pid=2581&Hec=348201&pass=1P_T2584
2011-08-11 16:26:50,244 INFO  com.robocall.HecStatusRequest :81 - visitnext2581
2011-08-11 16:26:50,244 INFO  com.robocall.HecStatusRequest :83 - pas2584
2011-08-11 16:26:50,244 INFO  com.robocall.HecStatusRequest :87 - query1
2011-08-11 16:26:50,306 INFO  com.robocall.HecStatusRequest :103 - query2
2011-08-11 16:31:28,382 INFO  com.robocall.HecStatusRequest :40 - http://192.168.1.63:8201/IfByPhone/HecStatus
2011-08-11 16:31:28,382 INFO  com.robocall.HecStatusRequest :41 - pid=2581&Hec=348201&pass=1P_T2584
2011-08-11 16:31:28,382 INFO  com.robocall.HecStatusRequest :45 - ok
2011-08-11 16:31:28,382 INFO  com.robocall.HecStatusRequest :46 - pid=2581&Hec=348201&pass=1P_T2584
2011-08-11 16:31:28,382 INFO  com.robocall.HecStatusRequest :81 - visitnext2581
2011-08-11 16:31:28,382 INFO  com.robocall.HecStatusRequest :83 - pas2584
2011-08-11 16:31:28,398 INFO  com.robocall.HecStatusRequest :87 - query1
2011-08-11 16:31:28,460 INFO  com.robocall.HecStatusRequest :103 - query2
2011-08-11 16:37:35,267 INFO  com.robocall.HecStatusRequest :40 - http://192.168.1.63:8201/IfByPhone/HecStatus
2011-08-11 16:37:35,267 INFO  com.robocall.HecStatusRequest :41 - pid=2581&Hec=348201&pass=1P_T2584
2011-08-11 16:37:35,267 INFO  com.robocall.HecStatusRequest :45 - ok
2011-08-11 16:37:35,267 INFO  com.robocall.HecStatusRequest :46 - pid=2581&Hec=348201&pass=1P_T2584
2011-08-11 16:37:35,267 INFO  com.robocall.HecStatusRequest :81 - visitnext2581
2011-08-11 16:37:35,267 INFO  com.robocall.HecStatusRequest :83 - pas2584
2011-08-11 16:37:35,282 INFO  com.robocall.HecStatusRequest :87 - query1
2011-08-11 16:37:35,345 INFO  com.robocall.HecStatusRequest :103 - query2
2011-08-11 16:39:38,087 INFO  com.robocall.HecStatusRequest :40 - http://192.168.1.63:8201/IfByPhone/HecStatus
2011-08-11 16:39:38,103 INFO  com.robocall.HecStatusRequest :41 - pid=2581&Hec=348201&pass=1P_T2584
2011-08-11 16:39:38,103 INFO  com.robocall.HecStatusRequest :45 - ok
2011-08-11 16:39:38,103 INFO  com.robocall.HecStatusRequest :46 - pid=2581&Hec=348201&pass=1P_T2584
2011-08-11 16:39:38,103 INFO  com.robocall.HecStatusRequest :81 - visitnext2581
2011-08-11 16:39:38,103 INFO  com.robocall.HecStatusRequest :83 - pas2584
2011-08-11 16:39:38,103 INFO  com.robocall.HecStatusRequest :87 - query1
2011-08-11 16:39:38,181 INFO  com.robocall.HecStatusRequest :103 - query2
2011-08-11 16:39:55,265 INFO  com.robocall.HecStatusRequest :40 - http://192.168.1.63:8201/IfByPhone/HecStatus
2011-08-11 16:39:55,281 INFO  com.robocall.HecStatusRequest :41 - pid=2581&Hec=348201&pass=1P_T2584
2011-08-11 16:39:55,281 INFO  com.robocall.HecStatusRequest :45 - ok
2011-08-11 16:39:55,281 INFO  com.robocall.HecStatusRequest :46 - pid=2581&Hec=348201&pass=1P_T2584
2011-08-11 16:39:55,281 INFO  com.robocall.HecStatusRequest :81 - visitnext2581
2011-08-11 16:39:55,281 INFO  com.robocall.HecStatusRequest :83 - pas2584
2011-08-11 16:39:55,281 INFO  com.robocall.HecStatusRequest :87 - query1
2011-08-11 16:39:55,343 INFO  com.robocall.HecStatusRequest :103 - query2
2011-08-11 16:41:32,522 INFO  com.robocall.CrewVerification :49 - invoked the IfByPhone Test..........
2011-08-11 16:41:32,522 INFO  com.robocall.CrewVerification :53 - http://192.168.1.63:8201/IfByPhone/Crew
2011-08-11 16:41:32,522 INFO  com.robocall.CrewVerification :54 - CrewId=1&survoId=348121&time=11-08-11%2007%3A10%3A29
2011-08-11 16:41:32,522 INFO  com.robocall.CrewVerification :59 - ok
2011-08-11 16:41:32,522 INFO  com.robocall.CrewVerification :60 - CrewId=1&survoId=348121&time=11-08-11%2007%3A10%3A29
2011-08-11 16:41:49,684 INFO  com.robocall.ProjectAddress :39 - http://192.168.1.63:8201/IfByPhone/Project
2011-08-11 16:41:49,684 INFO  com.robocall.ProjectAddress :40 - WorkGroup_Id=2581&survoId=348131&pass=1
2011-08-11 16:41:49,684 INFO  com.robocall.ProjectAddress :44 - ok
2011-08-11 16:41:49,684 INFO  com.robocall.ProjectAddress :45 - WorkGroup_Id=2581&survoId=348131&pass=1
2011-08-11 16:41:49,700 INFO  com.robocall.ProjectAddress :110 - success
2011-08-11 16:42:09,642 INFO  com.robocall.ConfirmationRequest :42 - http://192.168.1.63:8201/IfByPhone/Confirmation
2011-08-11 16:42:09,642 INFO  com.robocall.ConfirmationRequest :43 - Status=StatusCompleted&survoId=348141&pass=1P_T2581
2011-08-11 16:42:09,642 INFO  com.robocall.ConfirmationRequest :47 - ok
2011-08-11 16:42:09,642 INFO  com.robocall.ConfirmationRequest :48 - Status=StatusCompleted&survoId=348141&pass=1P_T2581
2011-08-11 16:42:09,657 INFO  com.robocall.ConfirmationRequest :176 - success-3
2011-08-11 16:42:09,657 INFO  com.robocall.ConfirmationRequest :177 - you have completed all your hec
2011-08-11 16:42:34,424 INFO  com.robocall.HecStatusRequest :40 - http://192.168.1.63:8201/IfByPhone/HecStatus
2011-08-11 16:42:34,424 INFO  com.robocall.HecStatusRequest :41 - pid=2582&survoid=348151&pass=1P_T2581
2011-08-11 16:42:34,424 INFO  com.robocall.HecStatusRequest :45 - ok
2011-08-11 16:42:34,424 INFO  com.robocall.HecStatusRequest :46 - pid=2582&survoid=348151&pass=1P_T2581
2011-08-11 16:42:34,424 INFO  com.robocall.HecStatusRequest :81 - visitnext2582
2011-08-11 16:42:34,424 INFO  com.robocall.HecStatusRequest :83 - pas2581
2011-08-11 16:42:34,424 INFO  com.robocall.HecStatusRequest :87 - query1
2011-08-11 16:42:34,456 INFO  com.robocall.HecStatusRequest :103 - query2
2011-08-11 16:42:52,258 INFO  com.robocall.CurrentLocationRequest :39 - http://192.168.1.63:8201/IfByPhone/CurrentLocation
2011-08-11 16:42:52,258 INFO  com.robocall.CurrentLocationRequest :40 - notes=Lunchfirst&survoId=348171&pass=1P_T2581P_T2582
2011-08-11 16:42:52,258 INFO  com.robocall.CurrentLocationRequest :44 - Invoked the current Location servlet
2011-08-11 16:42:52,258 INFO  com.robocall.CurrentLocationRequest :45 - notes=Lunchfirst&survoId=348171&pass=1P_T2581P_T2582
2011-08-11 16:42:52,352 INFO  com.robocall.CurrentLocationRequest :132 - Successfully completed
2011-08-11 16:44:16,366 INFO  com.robocall.CrewVerification :49 - invoked the IfByPhone Test..........
2011-08-11 16:44:16,366 INFO  com.robocall.CrewVerification :53 - http://192.168.1.63:8201/IfByPhone/Crew
2011-08-11 16:44:16,366 INFO  com.robocall.CrewVerification :54 - CrewId=2582&survoId=348121&time=11-08-11%2007%3A13%3A13
2011-08-11 16:44:16,366 INFO  com.robocall.CrewVerification :59 - ok
2011-08-11 16:44:16,366 INFO  com.robocall.CrewVerification :60 - CrewId=2582&survoId=348121&time=11-08-11%2007%3A13%3A13
2011-08-11 16:44:27,048 INFO  com.robocall.CrewVerification :49 - invoked the IfByPhone Test..........
2011-08-11 16:44:27,048 INFO  com.robocall.CrewVerification :53 - http://192.168.1.63:8201/IfByPhone/Crew
2011-08-11 16:44:27,048 INFO  com.robocall.CrewVerification :54 - CrewId=1&survoId=348181&time=11-08-11%2007%3A13%3A24
2011-08-11 16:44:27,048 INFO  com.robocall.CrewVerification :59 - ok
2011-08-11 16:44:27,048 INFO  com.robocall.CrewVerification :60 - CrewId=1&survoId=348181&time=11-08-11%2007%3A13%3A24
2011-08-11 16:44:42,273 INFO  com.robocall.ProjectAddress :39 - http://192.168.1.63:8201/IfByPhone/Project
2011-08-11 16:44:42,273 INFO  com.robocall.ProjectAddress :40 - WorkGroup_Id=582&survoId=348131&pass=1
2011-08-11 16:44:42,273 INFO  com.robocall.ProjectAddress :44 - ok
2011-08-11 16:44:42,273 INFO  com.robocall.ProjectAddress :45 - WorkGroup_Id=582&survoId=348131&pass=1
2011-08-11 16:45:10,585 INFO  com.robocall.ProjectAddress :39 - http://192.168.1.63:8201/IfByPhone/Project
2011-08-11 16:45:10,585 INFO  com.robocall.ProjectAddress :40 - WorkGroup_Id=2582&survoId=342161&pass=1
2011-08-11 16:45:10,585 INFO  com.robocall.ProjectAddress :44 - ok
2011-08-11 16:45:10,585 INFO  com.robocall.ProjectAddress :45 - WorkGroup_Id=2582&survoId=342161&pass=1
2011-08-11 16:45:10,617 INFO  com.robocall.ProjectAddress :110 - success
2011-08-11 16:45:30,777 INFO  com.robocall.ConfirmationRequest :42 - http://192.168.1.63:8201/IfByPhone/Confirmation
2011-08-11 16:45:30,777 INFO  com.robocall.ConfirmationRequest :43 - Status=StatusCompleted&survoId=348141&pass=1P_T2582
2011-08-11 16:45:30,777 INFO  com.robocall.ConfirmationRequest :47 - ok
2011-08-11 16:45:30,777 INFO  com.robocall.ConfirmationRequest :48 - Status=StatusCompleted&survoId=348141&pass=1P_T2582
2011-08-11 16:45:30,996 INFO  com.robocall.ConfirmationRequest :176 - success-3
2011-08-11 16:45:30,996 INFO  com.robocall.ConfirmationRequest :177 - you have completed all your hec
2011-08-11 16:45:57,402 INFO  com.robocall.HecStatusRequest :40 - http://192.168.1.63:8201/IfByPhone/HecStatus
2011-08-11 16:45:57,402 INFO  com.robocall.HecStatusRequest :41 - pid=2586&survoid=348151&pass=1P_T2582
2011-08-11 16:45:57,402 INFO  com.robocall.HecStatusRequest :45 - ok
2011-08-11 16:45:57,402 INFO  com.robocall.HecStatusRequest :46 - pid=2586&survoid=348151&pass=1P_T2582
2011-08-11 16:45:57,402 INFO  com.robocall.HecStatusRequest :81 - visitnext2586
2011-08-11 16:45:57,402 INFO  com.robocall.HecStatusRequest :83 - pas2582
2011-08-11 16:45:57,418 INFO  com.robocall.HecStatusRequest :87 - query1
2011-08-11 16:45:57,449 INFO  com.robocall.HecStatusRequest :103 - query2
2011-08-11 16:46:39,660 INFO  com.robocall.HecSkipStatusRequest :40 - http://192.168.1.63:8201/IfByPhone/HecSkipStatus
2011-08-11 16:46:39,660 INFO  com.robocall.HecSkipStatusRequest :41 - opt=To%20continue%20with%20the%20entered%20project%20identification%20number&pid=NA&pass=1P_T2582P_T2586
2011-08-11 16:46:39,660 INFO  com.robocall.HecSkipStatusRequest :45 - ok
2011-08-11 16:46:39,660 INFO  com.robocall.HecSkipStatusRequest :46 - opt=To%20continue%20with%20the%20entered%20project%20identification%20number&pid=NA&pass=1P_T2582P_T2586
2011-08-11 16:46:56,759 INFO  com.robocall.CurrentLocationRequest :39 - http://192.168.1.63:8201/IfByPhone/CurrentLocation
2011-08-11 16:46:56,759 INFO  com.robocall.CurrentLocationRequest :40 - notes=Goingdirectly&survoId=348171&pass=1P_T2582P_T2586
2011-08-11 16:46:56,759 INFO  com.robocall.CurrentLocationRequest :44 - Invoked the current Location servlet
2011-08-11 16:46:56,759 INFO  com.robocall.CurrentLocationRequest :45 - notes=Goingdirectly&survoId=348171&pass=1P_T2582P_T2586
2011-08-11 16:46:56,869 INFO  com.robocall.CurrentLocationRequest :132 - Successfully completed
2011-08-11 16:49:30,734 INFO  com.robocall.CrewVerification :49 - invoked the IfByPhone Test..........
2011-08-11 16:49:30,734 INFO  com.robocall.CrewVerification :53 - http://192.168.1.63:8201/IfByPhone/Crew
2011-08-11 16:49:30,734 INFO  com.robocall.CrewVerification :54 - CrewId=5&survoId=348121&time=11-08-11%2007%3A18%3A28
2011-08-11 16:49:30,734 INFO  com.robocall.CrewVerification :59 - ok
2011-08-11 16:49:30,734 INFO  com.robocall.CrewVerification :60 - CrewId=5&survoId=348121&time=11-08-11%2007%3A18%3A28
2011-08-11 16:49:41,556 INFO  com.robocall.CrewVerification :49 - invoked the IfByPhone Test..........
2011-08-11 16:49:41,556 INFO  com.robocall.CrewVerification :53 - http://192.168.1.63:8201/IfByPhone/Crew
2011-08-11 16:49:41,556 INFO  com.robocall.CrewVerification :54 - CrewId=1&survoId=348181&time=11-08-11%2007%3A18%3A39
2011-08-11 16:49:41,556 INFO  com.robocall.CrewVerification :59 - ok
2011-08-11 16:49:41,556 INFO  com.robocall.CrewVerification :60 - CrewId=1&survoId=348181&time=11-08-11%2007%3A18%3A39
2011-08-11 16:49:56,095 INFO  com.robocall.ProjectAddress :39 - http://192.168.1.63:8201/IfByPhone/Project
2011-08-11 16:49:56,095 INFO  com.robocall.ProjectAddress :40 - WorkGroup_Id=25866&survoId=348131&pass=1
2011-08-11 16:49:56,095 INFO  com.robocall.ProjectAddress :44 - ok
2011-08-11 16:49:56,095 INFO  com.robocall.ProjectAddress :45 - WorkGroup_Id=25866&survoId=348131&pass=1
2011-08-11 16:50:19,612 INFO  com.robocall.ProjectAddress :39 - http://192.168.1.63:8201/IfByPhone/Project
2011-08-11 16:50:19,612 INFO  com.robocall.ProjectAddress :40 - WorkGroup_Id=2586&survoId=342161&pass=1
2011-08-11 16:50:19,612 INFO  com.robocall.ProjectAddress :44 - ok
2011-08-11 16:50:19,612 INFO  com.robocall.ProjectAddress :45 - WorkGroup_Id=2586&survoId=342161&pass=1
2011-08-11 16:50:19,612 INFO  com.robocall.ProjectAddress :110 - success
2011-08-11 16:50:38,477 INFO  com.robocall.ConfirmationRequest :42 - http://192.168.1.63:8201/IfByPhone/Confirmation
2011-08-11 16:50:38,477 INFO  com.robocall.ConfirmationRequest :43 - Status=StatusCompleted&survoId=348141&pass=1P_T2586
2011-08-11 16:50:38,477 INFO  com.robocall.ConfirmationRequest :47 - ok
2011-08-11 16:50:38,477 INFO  com.robocall.ConfirmationRequest :48 - Status=StatusCompleted&survoId=348141&pass=1P_T2586
2011-08-11 16:50:38,492 INFO  com.robocall.ConfirmationRequest :176 - success-3
2011-08-11 16:50:38,492 INFO  com.robocall.ConfirmationRequest :177 - you have completed all your hec
2011-08-11 16:51:04,415 INFO  com.robocall.HecStatusRequest :40 - http://192.168.1.63:8201/IfByPhone/HecStatus
2011-08-11 16:51:04,415 INFO  com.robocall.HecStatusRequest :41 - pid=2585&survoid=348151&pass=1P_T2586
2011-08-11 16:51:04,415 INFO  com.robocall.HecStatusRequest :45 - ok
2011-08-11 16:51:04,415 INFO  com.robocall.HecStatusRequest :46 - pid=2585&survoid=348151&pass=1P_T2586
2011-08-11 16:51:04,415 INFO  com.robocall.HecStatusRequest :81 - visitnext2585
2011-08-11 16:51:04,415 INFO  com.robocall.HecStatusRequest :83 - pas2586
2011-08-11 16:51:04,415 INFO  com.robocall.HecStatusRequest :87 - query1
2011-08-11 16:51:04,446 INFO  com.robocall.HecStatusRequest :103 - query2
2011-08-11 16:51:58,431 INFO  com.robocall.HecSkipStatusRequest :40 - http://192.168.1.63:8201/IfByPhone/HecSkipStatus
2011-08-11 16:51:58,431 INFO  com.robocall.HecSkipStatusRequest :41 - opt=To%20reenter%20the%20correct%20project%20identification%20number&pid=2583&pass=1P_T2586P_T2585
2011-08-11 16:51:58,431 INFO  com.robocall.HecSkipStatusRequest :45 - ok
2011-08-11 16:51:58,431 INFO  com.robocall.HecSkipStatusRequest :46 - opt=To%20reenter%20the%20correct%20project%20identification%20number&pid=2583&pass=1P_T2586P_T2585
2011-08-11 16:52:12,361 INFO  com.robocall.CurrentLocationRequest :39 - http://192.168.1.63:8201/IfByPhone/CurrentLocation
2011-08-11 16:52:12,361 INFO  com.robocall.CurrentLocationRequest :40 - notes=Lunchfirst&survoId=348171&pass=1P_T2586P_T2585
2011-08-11 16:52:12,361 INFO  com.robocall.CurrentLocationRequest :44 - Invoked the current Location servlet
2011-08-11 16:52:12,361 INFO  com.robocall.CurrentLocationRequest :45 - notes=Lunchfirst&survoId=348171&pass=1P_T2586P_T2585
2011-08-11 16:52:12,407 INFO  com.robocall.CurrentLocationRequest :132 - Successfully completed
2011-08-11 16:58:20,994 INFO  com.robocall.CrewVerification :49 - invoked the IfByPhone Test..........
2011-08-11 16:58:20,994 INFO  com.robocall.CrewVerification :53 - http://192.168.1.63:8201/IfByPhone/Crew
2011-08-11 16:58:20,994 INFO  com.robocall.CrewVerification :54 - CrewId=1&survoId=348121&time=11-08-11%2007%3A27%3A18
2011-08-11 16:58:20,994 INFO  com.robocall.CrewVerification :59 - ok
2011-08-11 16:58:20,994 INFO  com.robocall.CrewVerification :60 - CrewId=1&survoId=348121&time=11-08-11%2007%3A27%3A18
2011-08-11 16:58:39,093 INFO  com.robocall.ProjectAddress :39 - http://192.168.1.63:8201/IfByPhone/Project
2011-08-11 16:58:39,093 INFO  com.robocall.ProjectAddress :40 - WorkGroup_Id=2585&survoId=348131&pass=1
2011-08-11 16:58:39,093 INFO  com.robocall.ProjectAddress :44 - ok
2011-08-11 16:58:39,093 INFO  com.robocall.ProjectAddress :45 - WorkGroup_Id=2585&survoId=348131&pass=1
2011-08-11 16:58:39,093 INFO  com.robocall.ProjectAddress :110 - success
2011-08-11 16:58:58,036 INFO  com.robocall.ConfirmationRequest :42 - http://192.168.1.63:8201/IfByPhone/Confirmation
2011-08-11 16:58:58,036 INFO  com.robocall.ConfirmationRequest :43 - Status=StatusCompleted&survoId=348141&pass=1P_T2585
2011-08-11 16:58:58,036 INFO  com.robocall.ConfirmationRequest :47 - ok
2011-08-11 16:58:58,036 INFO  com.robocall.ConfirmationRequest :48 - Status=StatusCompleted&survoId=348141&pass=1P_T2585
2011-08-11 16:58:58,051 INFO  com.robocall.ConfirmationRequest :176 - success-3
2011-08-11 16:58:58,051 INFO  com.robocall.ConfirmationRequest :177 - you have completed all your hec
2011-08-11 16:59:24,864 INFO  com.robocall.HecStatusRequest :40 - http://192.168.1.63:8201/IfByPhone/HecStatus
2011-08-11 16:59:24,864 INFO  com.robocall.HecStatusRequest :41 - pid=2588&survoid=348151&pass=1P_T2585
2011-08-11 16:59:24,864 INFO  com.robocall.HecStatusRequest :45 - ok
2011-08-11 16:59:24,864 INFO  com.robocall.HecStatusRequest :46 - pid=2588&survoid=348151&pass=1P_T2585
2011-08-11 16:59:24,864 INFO  com.robocall.HecStatusRequest :81 - visitnext2588
2011-08-11 16:59:24,864 INFO  com.robocall.HecStatusRequest :83 - pas2585
2011-08-11 16:59:24,864 INFO  com.robocall.HecStatusRequest :87 - query1
2011-08-11 16:59:24,895 INFO  com.robocall.HecStatusRequest :103 - query2
2011-08-11 16:59:55,237 INFO  com.robocall.HecSkipStatusRequest :40 - http://192.168.1.63:8201/IfByPhone/HecSkipStatus
2011-08-11 16:59:55,237 INFO  com.robocall.HecSkipStatusRequest :41 - opt=To%20reenter%20the%20correct%20project%20identification%20number&pid=2583&pass=1P_T2585P_T2588
2011-08-11 16:59:55,237 INFO  com.robocall.HecSkipStatusRequest :45 - ok
2011-08-11 16:59:55,237 INFO  com.robocall.HecSkipStatusRequest :46 - opt=To%20reenter%20the%20correct%20project%20identification%20number&pid=2583&pass=1P_T2585P_T2588
2011-08-11 16:59:55,253 INFO  com.robocall.HecSkipStatusRequest :84 - visitnextTo%20reenter%20the%20correct%20project%20identification%20number
2011-08-11 16:59:55,253 INFO  com.robocall.HecSkipStatusRequest :86 - pas2585
2011-08-11 17:00:07,262 INFO  com.robocall.HecSkipStatusRequest :40 - http://192.168.1.63:8201/IfByPhone/HecSkipStatus
2011-08-11 17:00:07,262 INFO  com.robocall.HecSkipStatusRequest :41 - optexc=350381&pid=2583&pass=1P_T2585P_T2588
2011-08-11 17:00:07,262 INFO  com.robocall.HecSkipStatusRequest :45 - ok
2011-08-11 17:00:07,262 INFO  com.robocall.HecSkipStatusRequest :46 - optexc=350381&pid=2583&pass=1P_T2585P_T2588
2011-08-11 17:00:07,262 INFO  com.robocall.HecSkipStatusRequest :84 - visitnext350381
2011-08-11 17:00:07,262 INFO  com.robocall.HecSkipStatusRequest :86 - pas2585
2011-08-11 17:00:37,791 INFO  com.robocall.HecSkipStatusRequest :40 - http://192.168.1.63:8201/IfByPhone/HecSkipStatus
2011-08-11 17:00:37,791 INFO  com.robocall.HecSkipStatusRequest :41 - optexc=350381&pid=25833&pass=1P_T2585P_T2588
2011-08-11 17:00:37,791 INFO  com.robocall.HecSkipStatusRequest :45 - ok
2011-08-11 17:00:37,791 INFO  com.robocall.HecSkipStatusRequest :46 - optexc=350381&pid=25833&pass=1P_T2585P_T2588
2011-08-11 17:00:37,791 INFO  com.robocall.HecSkipStatusRequest :84 - visitnext350381
2011-08-11 17:00:37,791 INFO  com.robocall.HecSkipStatusRequest :86 - pas2585
2011-08-11 17:00:52,830 INFO  com.robocall.HecSkipStatusRequest :40 - http://192.168.1.63:8201/IfByPhone/HecSkipStatus
2011-08-11 17:00:52,830 INFO  com.robocall.HecSkipStatusRequest :41 - optexc=350381&pid=2583&pass=1P_T2585P_T2588
2011-08-11 17:00:52,830 INFO  com.robocall.HecSkipStatusRequest :45 - ok
2011-08-11 17:00:52,830 INFO  com.robocall.HecSkipStatusRequest :46 - optexc=350381&pid=2583&pass=1P_T2585P_T2588
2011-08-11 17:00:52,830 INFO  com.robocall.HecSkipStatusRequest :84 - visitnext350381
2011-08-11 17:00:52,830 INFO  com.robocall.HecSkipStatusRequest :86 - pas2585
2011-08-11 17:01:01,184 INFO  com.robocall.HecSkipStatusRequest :40 - http://192.168.1.63:8201/IfByPhone/HecSkipStatus
2011-08-11 17:01:01,184 INFO  com.robocall.HecSkipStatusRequest :41 - optexc=350381&pid=NA&pass=1P_T2585P_T2588
2011-08-11 17:01:01,184 INFO  com.robocall.HecSkipStatusRequest :45 - ok
2011-08-11 17:01:01,184 INFO  com.robocall.HecSkipStatusRequest :46 - optexc=350381&pid=NA&pass=1P_T2585P_T2588
2011-08-11 17:01:01,184 INFO  com.robocall.HecSkipStatusRequest :84 - visitnext350381
2011-08-11 17:01:01,184 INFO  com.robocall.HecSkipStatusRequest :86 - pas2585
2011-08-11 17:08:44,264 INFO  com.robocall.CrewVerification :49 - invoked the IfByPhone Test..........
2011-08-11 17:08:44,280 INFO  com.robocall.CrewVerification :53 - http://192.168.1.63:8201/IfByPhone/Crew
2011-08-11 17:08:44,280 INFO  com.robocall.CrewVerification :54 - CrewId=1&survoId=348121&time=11-08-11%2007%3A37%3A42
2011-08-11 17:08:44,280 INFO  com.robocall.CrewVerification :59 - ok
2011-08-11 17:08:44,280 INFO  com.robocall.CrewVerification :60 - CrewId=1&survoId=348121&time=11-08-11%2007%3A37%3A42
2011-08-11 17:09:02,863 INFO  com.robocall.ProjectAddress :39 - http://192.168.1.63:8201/IfByPhone/Project
2011-08-11 17:09:02,863 INFO  com.robocall.ProjectAddress :40 - WorkGroup_Id=2583&survoId=348131&pass=1
2011-08-11 17:09:02,863 INFO  com.robocall.ProjectAddress :44 - ok
2011-08-11 17:09:02,863 INFO  com.robocall.ProjectAddress :45 - WorkGroup_Id=2583&survoId=348131&pass=1
2011-08-11 17:09:02,863 INFO  com.robocall.ProjectAddress :110 - success
2011-08-11 17:09:22,758 INFO  com.robocall.ConfirmationRequest :42 - http://192.168.1.63:8201/IfByPhone/Confirmation
2011-08-11 17:09:22,758 INFO  com.robocall.ConfirmationRequest :43 - Status=StatusCompleted&survoId=348141&pass=1P_T2583
2011-08-11 17:09:22,758 INFO  com.robocall.ConfirmationRequest :47 - ok
2011-08-11 17:09:22,758 INFO  com.robocall.ConfirmationRequest :48 - Status=StatusCompleted&survoId=348141&pass=1P_T2583
2011-08-11 17:09:22,773 INFO  com.robocall.ConfirmationRequest :176 - success-3
2011-08-11 17:09:22,773 INFO  com.robocall.ConfirmationRequest :177 - you have completed all your hec
2011-08-11 17:09:47,947 INFO  com.robocall.HecStatusRequest :40 - http://192.168.1.63:8201/IfByPhone/HecStatus
2011-08-11 17:09:47,947 INFO  com.robocall.HecStatusRequest :41 - pid=2589&survoid=348151&pass=1P_T2583
2011-08-11 17:09:47,947 INFO  com.robocall.HecStatusRequest :45 - ok
2011-08-11 17:09:47,947 INFO  com.robocall.HecStatusRequest :46 - pid=2589&survoid=348151&pass=1P_T2583
2011-08-11 17:09:47,947 INFO  com.robocall.HecStatusRequest :81 - visitnext2589
2011-08-11 17:09:47,947 INFO  com.robocall.HecStatusRequest :83 - pas2583
2011-08-11 17:09:47,947 INFO  com.robocall.HecStatusRequest :87 - query1
2011-08-11 17:09:47,978 INFO  com.robocall.HecStatusRequest :103 - query2
2011-08-11 17:10:21,365 INFO  com.robocall.HecSkipStatusRequest :40 - http://192.168.1.63:8201/IfByPhone/HecSkipStatus
2011-08-11 17:10:21,365 INFO  com.robocall.HecSkipStatusRequest :41 - opt=To%20reenter%20the%20correct%20project%20identification%20number&pid=2587&pass=1P_T2583P_T2589
2011-08-11 17:10:21,365 INFO  com.robocall.HecSkipStatusRequest :45 - ok
2011-08-11 17:10:21,365 INFO  com.robocall.HecSkipStatusRequest :46 - opt=To%20reenter%20the%20correct%20project%20identification%20number&pid=2587&pass=1P_T2583P_T2589
2011-08-11 17:10:21,365 INFO  com.robocall.HecSkipStatusRequest :84 - visitnextTo%20reenter%20the%20correct%20project%20identification%20number
2011-08-11 17:10:21,365 INFO  com.robocall.HecSkipStatusRequest :86 - pas2583
2011-08-11 17:10:34,810 INFO  com.robocall.CurrentLocationRequest :39 - http://192.168.1.63:8201/IfByPhone/CurrentLocation
2011-08-11 17:10:34,810 INFO  com.robocall.CurrentLocationRequest :40 - notes=Lunchfirst&survoId=348171&pass=1P_T2583P_T2587
2011-08-11 17:10:34,810 INFO  com.robocall.CurrentLocationRequest :44 - Invoked the current Location servlet
2011-08-11 17:10:34,810 INFO  com.robocall.CurrentLocationRequest :45 - notes=Lunchfirst&survoId=348171&pass=1P_T2583P_T2587
2011-08-11 17:10:34,857 INFO  com.robocall.CurrentLocationRequest :132 - Successfully completed
2011-08-11 17:15:25,426 INFO  com.robocall.CrewVerification :49 - invoked the IfByPhone Test..........
2011-08-11 17:15:25,426 INFO  com.robocall.CrewVerification :53 - http://192.168.1.63:8201/IfByPhone/Crew
2011-08-11 17:15:25,426 INFO  com.robocall.CrewVerification :54 - CrewId=1&survoId=348121&time=11-08-11%2007%3A44%3A23
2011-08-11 17:15:25,426 INFO  com.robocall.CrewVerification :59 - ok
2011-08-11 17:15:25,426 INFO  com.robocall.CrewVerification :60 - CrewId=1&survoId=348121&time=11-08-11%2007%3A44%3A23
2011-08-11 17:15:39,418 INFO  com.robocall.ProjectAddress :39 - http://192.168.1.63:8201/IfByPhone/Project
2011-08-11 17:15:39,418 INFO  com.robocall.ProjectAddress :40 - WorkGroup_Id=2587&survoId=348131&pass=1
2011-08-11 17:15:39,418 INFO  com.robocall.ProjectAddress :44 - ok
2011-08-11 17:15:39,418 INFO  com.robocall.ProjectAddress :45 - WorkGroup_Id=2587&survoId=348131&pass=1
2011-08-11 17:15:39,449 INFO  com.robocall.ProjectAddress :110 - success
2011-08-11 17:16:01,890 INFO  com.robocall.ConfirmationRequest :42 - http://192.168.1.63:8201/IfByPhone/Confirmation
2011-08-11 17:16:01,890 INFO  com.robocall.ConfirmationRequest :43 - Status=StatusCompleted&survoId=348141&pass=1P_T2587
2011-08-11 17:16:01,890 INFO  com.robocall.ConfirmationRequest :47 - ok
2011-08-11 17:16:01,890 INFO  com.robocall.ConfirmationRequest :48 - Status=StatusCompleted&survoId=348141&pass=1P_T2587
2011-08-11 17:16:02,124 INFO  com.robocall.ConfirmationRequest :176 - success-3
2011-08-11 17:16:02,124 INFO  com.robocall.ConfirmationRequest :177 - you have completed all your hec
2011-08-11 17:16:23,705 INFO  com.robocall.HecStatusRequest :40 - http://192.168.1.63:8201/IfByPhone/HecStatus
2011-08-11 17:16:23,721 INFO  com.robocall.HecStatusRequest :41 - pid=2590&survoid=348151&pass=1P_T2587
2011-08-11 17:16:23,721 INFO  com.robocall.HecStatusRequest :45 - ok
2011-08-11 17:16:23,721 INFO  com.robocall.HecStatusRequest :46 - pid=2590&survoid=348151&pass=1P_T2587
2011-08-11 17:16:23,721 INFO  com.robocall.HecStatusRequest :81 - visitnext2590
2011-08-11 17:16:23,721 INFO  com.robocall.HecStatusRequest :83 - pas2587
2011-08-11 17:16:23,737 INFO  com.robocall.HecStatusRequest :87 - query1
2011-08-11 17:16:23,768 INFO  com.robocall.HecStatusRequest :103 - query2
2011-08-11 17:17:04,073 INFO  com.robocall.HecSkipStatusRequest :40 - http://192.168.1.63:8201/IfByPhone/HecSkipStatus
2011-08-11 17:17:04,073 INFO  com.robocall.HecSkipStatusRequest :41 - opt=To%20continue%20with%20the%20entered%20project%20identification%20number&pid=NA&pass=1P_T2587P_T2590
2011-08-11 17:17:04,073 INFO  com.robocall.HecSkipStatusRequest :45 - ok
2011-08-11 17:17:04,073 INFO  com.robocall.HecSkipStatusRequest :46 - opt=To%20continue%20with%20the%20entered%20project%20identification%20number&pid=NA&pass=1P_T2587P_T2590
2011-08-11 17:17:14,989 INFO  com.robocall.CurrentLocationRequest :39 - http://192.168.1.63:8201/IfByPhone/CurrentLocation
2011-08-11 17:17:14,989 INFO  com.robocall.CurrentLocationRequest :40 - notes=NA&survoId=348171&pass=1P_T2587P_T2590
2011-08-11 17:17:14,989 INFO  com.robocall.CurrentLocationRequest :44 - Invoked the current Location servlet
2011-08-11 17:17:14,989 INFO  com.robocall.CurrentLocationRequest :45 - notes=NA&survoId=348171&pass=1P_T2587P_T2590
2011-08-11 17:17:15,098 INFO  com.robocall.CurrentLocationRequest :132 - Successfully completed
2011-08-11 17:18:39,284 INFO  com.robocall.CrewVerification :49 - invoked the IfByPhone Test..........
2011-08-11 17:18:39,284 INFO  com.robocall.CrewVerification :53 - http://192.168.1.63:8201/IfByPhone/Crew
2011-08-11 17:18:39,284 INFO  com.robocall.CrewVerification :54 - CrewId=1&survoId=348121&time=11-08-11%2007%3A47%3A38
2011-08-11 17:18:39,284 INFO  com.robocall.CrewVerification :59 - ok
2011-08-11 17:18:39,284 INFO  com.robocall.CrewVerification :60 - CrewId=1&survoId=348121&time=11-08-11%2007%3A47%3A38
2011-08-11 17:18:57,743 INFO  com.robocall.ProjectAddress :39 - http://192.168.1.63:8201/IfByPhone/Project
2011-08-11 17:18:57,743 INFO  com.robocall.ProjectAddress :40 - WorkGroup_Id=2590&survoId=348131&pass=1
2011-08-11 17:18:57,743 INFO  com.robocall.ProjectAddress :44 - ok
2011-08-11 17:18:57,743 INFO  com.robocall.ProjectAddress :45 - WorkGroup_Id=2590&survoId=348131&pass=1
2011-08-11 17:18:57,743 INFO  com.robocall.ProjectAddress :110 - success
2011-08-11 17:19:17,107 INFO  com.robocall.ConfirmationRequest :42 - http://192.168.1.63:8201/IfByPhone/Confirmation
2011-08-11 17:19:17,107 INFO  com.robocall.ConfirmationRequest :43 - Status=StatusCompleted&survoId=348141&pass=1P_T2590
2011-08-11 17:19:17,107 INFO  com.robocall.ConfirmationRequest :47 - ok
2011-08-11 17:19:17,107 INFO  com.robocall.ConfirmationRequest :48 - Status=StatusCompleted&survoId=348141&pass=1P_T2590
2011-08-11 17:19:17,122 INFO  com.robocall.ConfirmationRequest :176 - success-3
2011-08-11 17:19:17,122 INFO  com.robocall.ConfirmationRequest :177 - you have completed all your hec
2011-08-11 17:19:40,047 INFO  com.robocall.HecStatusRequest :40 - http://192.168.1.63:8201/IfByPhone/HecStatus
2011-08-11 17:19:40,047 INFO  com.robocall.HecStatusRequest :41 - pid=2589&survoid=348151&pass=1P_T2590
2011-08-11 17:19:40,062 INFO  com.robocall.HecStatusRequest :45 - ok
2011-08-11 17:19:40,062 INFO  com.robocall.HecStatusRequest :46 - pid=2589&survoid=348151&pass=1P_T2590
2011-08-11 17:19:40,062 INFO  com.robocall.HecStatusRequest :81 - visitnext2589
2011-08-11 17:19:40,062 INFO  com.robocall.HecStatusRequest :83 - pas2590
2011-08-11 17:19:40,062 INFO  com.robocall.HecStatusRequest :87 - query1
2011-08-11 17:19:40,093 INFO  com.robocall.HecStatusRequest :103 - query2
2011-08-11 17:20:09,030 INFO  com.robocall.HecSkipStatusRequest :40 - http://192.168.1.63:8201/IfByPhone/HecSkipStatus
2011-08-11 17:20:09,030 INFO  com.robocall.HecSkipStatusRequest :41 - opt=To%20reenter%20the%20correct%20project%20identification%20number&pid=2589&pass=1P_T2590P_T2589
2011-08-11 17:20:09,030 INFO  com.robocall.HecSkipStatusRequest :45 - ok
2011-08-11 17:20:09,030 INFO  com.robocall.HecSkipStatusRequest :46 - opt=To%20reenter%20the%20correct%20project%20identification%20number&pid=2589&pass=1P_T2590P_T2589
2011-08-11 17:20:09,030 INFO  com.robocall.HecSkipStatusRequest :84 - visitnextTo%20reenter%20the%20correct%20project%20identification%20number
2011-08-11 17:20:09,030 INFO  com.robocall.HecSkipStatusRequest :86 - pas2590
2011-08-11 17:20:37,920 INFO  com.robocall.HecSkipStatusRequest :40 - http://192.168.1.63:8201/IfByPhone/HecSkipStatus
2011-08-11 17:20:37,920 INFO  com.robocall.HecSkipStatusRequest :41 - opt=To%20reenter%20the%20correct%20project%20identification%20number&pid=2588&pass=1P_T2590P_T2589
2011-08-11 17:20:37,920 INFO  com.robocall.HecSkipStatusRequest :45 - ok
2011-08-11 17:20:37,920 INFO  com.robocall.HecSkipStatusRequest :46 - opt=To%20reenter%20the%20correct%20project%20identification%20number&pid=2588&pass=1P_T2590P_T2589
2011-08-11 17:20:37,920 INFO  com.robocall.HecSkipStatusRequest :84 - visitnextTo%20reenter%20the%20correct%20project%20identification%20number
2011-08-11 17:20:37,920 INFO  com.robocall.HecSkipStatusRequest :86 - pas2590
2011-08-11 17:20:51,865 INFO  com.robocall.CurrentLocationRequest :39 - http://192.168.1.63:8201/IfByPhone/CurrentLocation
2011-08-11 17:20:51,865 INFO  com.robocall.CurrentLocationRequest :40 - notes=Lunchfirst&survoId=348171&pass=1P_T2590P_T2588
2011-08-11 17:20:51,865 INFO  com.robocall.CurrentLocationRequest :44 - Invoked the current Location servlet
2011-08-11 17:20:51,865 INFO  com.robocall.CurrentLocationRequest :45 - notes=Lunchfirst&survoId=348171&pass=1P_T2590P_T2588
2011-08-11 17:20:51,912 INFO  com.robocall.CurrentLocationRequest :132 - Successfully completed
2011-08-11 17:21:54,532 INFO  com.robocall.CrewVerification :49 - invoked the IfByPhone Test..........
2011-08-11 17:21:54,532 INFO  com.robocall.CrewVerification :53 - http://192.168.1.63:8201/IfByPhone/Crew
2011-08-11 17:21:54,532 INFO  com.robocall.CrewVerification :54 - CrewId=1&survoId=348121&time=11-08-11%2007%3A50%3A53
2011-08-11 17:21:54,532 INFO  com.robocall.CrewVerification :59 - ok
2011-08-11 17:21:54,532 INFO  com.robocall.CrewVerification :60 - CrewId=1&survoId=348121&time=11-08-11%2007%3A50%3A53
2011-08-11 17:22:11,320 INFO  com.robocall.ProjectAddress :39 - http://192.168.1.63:8201/IfByPhone/Project
2011-08-11 17:22:11,320 INFO  com.robocall.ProjectAddress :40 - WorkGroup_Id=25588&survoId=348131&pass=1
2011-08-11 17:22:11,320 INFO  com.robocall.ProjectAddress :44 - ok
2011-08-11 17:22:11,320 INFO  com.robocall.ProjectAddress :45 - WorkGroup_Id=25588&survoId=348131&pass=1
2011-08-11 17:22:32,167 INFO  com.robocall.ProjectAddress :39 - http://192.168.1.63:8201/IfByPhone/Project
2011-08-11 17:22:32,167 INFO  com.robocall.ProjectAddress :40 - WorkGroup_Id=25&survoId=342161&pass=1
2011-08-11 17:22:32,167 INFO  com.robocall.ProjectAddress :44 - ok
2011-08-11 17:22:32,167 INFO  com.robocall.ProjectAddress :45 - WorkGroup_Id=25&survoId=342161&pass=1
2011-08-11 17:22:53,733 INFO  com.robocall.ProjectAddress :39 - http://192.168.1.63:8201/IfByPhone/Project
2011-08-11 17:22:53,733 INFO  com.robocall.ProjectAddress :40 - WorkGroup_Id=2588&survoId=342161&pass=1
2011-08-11 17:22:53,733 INFO  com.robocall.ProjectAddress :44 - ok
2011-08-11 17:22:53,733 INFO  com.robocall.ProjectAddress :45 - WorkGroup_Id=2588&survoId=342161&pass=1
2011-08-11 17:22:53,733 INFO  com.robocall.ProjectAddress :110 - success
2011-08-11 17:23:13,159 INFO  com.robocall.ConfirmationRequest :42 - http://192.168.1.63:8201/IfByPhone/Confirmation
2011-08-11 17:23:13,159 INFO  com.robocall.ConfirmationRequest :43 - Status=StatusCompleted&survoId=348141&pass=1P_T2588
2011-08-11 17:23:13,159 INFO  com.robocall.ConfirmationRequest :47 - ok
2011-08-11 17:23:13,159 INFO  com.robocall.ConfirmationRequest :48 - Status=StatusCompleted&survoId=348141&pass=1P_T2588
2011-08-11 17:23:13,175 INFO  com.robocall.ConfirmationRequest :176 - success-3
2011-08-11 17:23:13,175 INFO  com.robocall.ConfirmationRequest :177 - you have completed all your hec
2011-08-11 17:23:32,695 INFO  com.robocall.HecStatusRequest :40 - http://192.168.1.63:8201/IfByPhone/HecStatus
2011-08-11 17:23:32,695 INFO  com.robocall.HecStatusRequest :41 - pid=NA&survoid=348151&pass=1P_T2588
2011-08-11 17:23:32,695 INFO  com.robocall.HecStatusRequest :45 - ok
2011-08-11 17:23:32,695 INFO  com.robocall.HecStatusRequest :46 - pid=NA&survoid=348151&pass=1P_T2588
2011-08-11 17:23:32,695 INFO  com.robocall.HecStatusRequest :81 - visitnextNA
2011-08-11 17:23:32,695 INFO  com.robocall.HecStatusRequest :83 - pas2588
2011-08-11 17:23:32,695 INFO  com.robocall.HecStatusRequest :87 - query1
2011-08-11 17:24:04,287 INFO  com.robocall.CrewVerification :49 - invoked the IfByPhone Test..........
2011-08-11 17:24:04,287 INFO  com.robocall.CrewVerification :53 - http://192.168.1.63:8201/IfByPhone/Crew
2011-08-11 17:24:04,287 INFO  com.robocall.CrewVerification :54 - CrewId=1&survoId=348121&time=11-08-11%2007%3A53%3A03
2011-08-11 17:24:04,287 INFO  com.robocall.CrewVerification :59 - ok
2011-08-11 17:24:04,287 INFO  com.robocall.CrewVerification :60 - CrewId=1&survoId=348121&time=11-08-11%2007%3A53%3A03
2011-08-11 17:24:07,316 INFO  com.robocall.ProjectAddress :39 - http://192.168.1.63:8201/IfByPhone/Project
2011-08-11 17:24:07,316 INFO  com.robocall.ProjectAddress :40 - WorkGroup_Id=NA&survoId=348131&pass=1
2011-08-11 17:24:07,316 INFO  com.robocall.ProjectAddress :44 - ok
2011-08-11 17:24:07,316 INFO  com.robocall.ProjectAddress :45 - WorkGroup_Id=NA&survoId=348131&pass=1
2011-08-11 17:27:43,896 INFO  com.robocall.CrewVerification :49 - invoked the IfByPhone Test..........
2011-08-11 17:27:43,911 INFO  com.robocall.CrewVerification :53 - http://192.168.1.63:8201/IfByPhone/Crew
2011-08-11 17:27:43,911 INFO  com.robocall.CrewVerification :54 - CrewId=1&survoId=348121&time=11-08-11%2007%3A56%3A42
2011-08-11 17:27:43,911 INFO  com.robocall.CrewVerification :59 - ok
2011-08-11 17:27:43,911 INFO  com.robocall.CrewVerification :60 - CrewId=1&survoId=348121&time=11-08-11%2007%3A56%3A42
2011-08-11 17:28:01,745 INFO  com.robocall.ProjectAddress :39 - http://192.168.1.63:8201/IfByPhone/Project
2011-08-11 17:28:01,745 INFO  com.robocall.ProjectAddress :40 - WorkGroup_Id=2589&survoId=348131&pass=1
2011-08-11 17:28:01,761 INFO  com.robocall.ProjectAddress :44 - ok
2011-08-11 17:28:01,761 INFO  com.robocall.ProjectAddress :45 - WorkGroup_Id=2589&survoId=348131&pass=1
2011-08-11 17:28:01,761 INFO  com.robocall.ProjectAddress :110 - success
2011-08-11 17:28:24,217 INFO  com.robocall.ConfirmationRequest :42 - http://192.168.1.63:8201/IfByPhone/Confirmation
2011-08-11 17:28:24,217 INFO  com.robocall.ConfirmationRequest :43 - Status=StatusCompleted&survoId=348141&pass=1P_T2589
2011-08-11 17:28:24,217 INFO  com.robocall.ConfirmationRequest :47 - ok
2011-08-11 17:28:24,217 INFO  com.robocall.ConfirmationRequest :48 - Status=StatusCompleted&survoId=348141&pass=1P_T2589
2011-08-11 17:28:24,232 INFO  com.robocall.ConfirmationRequest :141 - success-3
