2011-07-25 14:23:33,647 INFO  coreservlets.Robocall :35 - invoked the IfByPhone Test..........
2011-07-25 14:23:33,693 INFO  coreservlets.Robocall :39 - http://192.168.1.63:8201/intro/seep
2011-07-25 14:23:33,693 INFO  coreservlets.Robocall :40 - 
2011-07-25 14:23:33,693 INFO  coreservlets.Robocall :42 - con...
2011-07-25 14:23:45,476 INFO  coreservlets.Robocall :35 - invoked the IfByPhone Test..........
2011-07-25 14:23:45,491 INFO  coreservlets.Robocall :39 - http://192.168.1.63:8201/intro/seep
2011-07-25 14:23:45,491 INFO  coreservlets.Robocall :40 - CrewId=8&survoId=335501&time=timestamp
2011-07-25 14:23:45,491 INFO  coreservlets.Robocall :42 - con...
2011-07-25 14:23:50,621 INFO  coreservlets.Robocall :35 - invoked the IfByPhone Test..........
2011-07-25 14:23:50,621 INFO  coreservlets.Robocall :39 - http://192.168.1.63:8201/intro/seep
2011-07-25 14:23:50,621 INFO  coreservlets.Robocall :40 - CrewId=1&survoId=335501&time=timestamp
2011-07-25 14:23:50,621 INFO  coreservlets.Robocall :42 - con...
2011-07-25 14:23:56,807 INFO  coreservlets.Robocall :35 - invoked the IfByPhone Test..........
2011-07-25 14:23:56,807 INFO  coreservlets.Robocall :39 - http://192.168.1.63:8201/intro/seep
2011-07-25 14:23:56,807 INFO  coreservlets.Robocall :40 - CrewId=2&survoId=335501&time=timestamp
2011-07-25 14:23:56,807 INFO  coreservlets.Robocall :42 - con...
2011-07-25 14:24:11,543 INFO  coreservlets.Robocall :35 - invoked the IfByPhone Test..........
2011-07-25 14:24:11,543 INFO  coreservlets.Robocall :39 - http://192.168.1.63:8201/intro/seep
2011-07-25 14:24:11,543 INFO  coreservlets.Robocall :40 - CrewId=3&survoId=335501&time=timestamp
2011-07-25 14:24:11,543 INFO  coreservlets.Robocall :42 - con...
2011-07-25 14:27:32,249 INFO  coreservlets.Robocall :35 - invoked the IfByPhone Test..........
2011-07-25 14:27:32,249 INFO  coreservlets.Robocall :39 - http://192.168.1.63:8201/intro/seep
2011-07-25 14:27:32,249 INFO  coreservlets.Robocall :40 - CrewId=3&survoId=335501&time=timestamp
2011-07-25 14:27:32,249 INFO  coreservlets.Robocall :42 - con...
2011-07-25 14:27:32,280 INFO  coreservlets.Robocall :49 - ok
2011-07-25 14:27:32,295 INFO  coreservlets.Robocall :50 - CrewId=3&survoId=335501&time=timestamp
2011-07-25 14:27:32,295 INFO  coreservlets.Robocall :85 - check335501
2011-07-25 14:27:32,295 INFO  coreservlets.Robocall :87 - CrewId=3
2011-07-25 14:27:32,295 INFO  coreservlets.Robocall :108 - CrewId=3&survoId=335501&time=timestamp
2011-07-25 14:27:39,629 INFO  coreservlets.Robocall :35 - invoked the IfByPhone Test..........
2011-07-25 14:27:39,629 INFO  coreservlets.Robocall :39 - http://192.168.1.63:8201/intro/seep
2011-07-25 14:27:39,629 INFO  coreservlets.Robocall :40 - CrewId=1&survoId=335501&time=timestamp
2011-07-25 14:27:39,629 INFO  coreservlets.Robocall :42 - con...
2011-07-25 14:27:39,629 INFO  coreservlets.Robocall :49 - ok
2011-07-25 14:27:39,629 INFO  coreservlets.Robocall :50 - CrewId=1&survoId=335501&time=timestamp
2011-07-25 14:27:39,629 INFO  coreservlets.Robocall :85 - check335501
2011-07-25 14:27:39,629 INFO  coreservlets.Robocall :87 - CrewId=1
2011-07-25 14:27:39,676 INFO  coreservlets.Robocall :108 - CrewId=1&survoId=335501&time=timestamp
2011-07-25 14:27:45,250 INFO  coreservlets.Robocall :35 - invoked the IfByPhone Test..........
2011-07-25 14:27:45,250 INFO  coreservlets.Robocall :39 - http://192.168.1.63:8201/intro/seep
2011-07-25 14:27:45,266 INFO  coreservlets.Robocall :40 - CrewId=2&survoId=335501&time=timestamp
2011-07-25 14:27:45,266 INFO  coreservlets.Robocall :42 - con...
2011-07-25 14:27:45,266 INFO  coreservlets.Robocall :49 - ok
2011-07-25 14:27:45,266 INFO  coreservlets.Robocall :50 - CrewId=2&survoId=335501&time=timestamp
2011-07-25 14:27:45,266 INFO  coreservlets.Robocall :85 - check335501
2011-07-25 14:27:45,266 INFO  coreservlets.Robocall :87 - CrewId=2
2011-07-25 14:27:45,297 INFO  coreservlets.Robocall :108 - CrewId=2&survoId=335501&time=timestamp
