2011-07-08 12:14:02,611 INFO  coreservlets.HelloServlet3 :27 - invoked the LoggingServlet..........
2011-07-08 12:14:02,689 INFO  coreservlets.HelloServlet3 :32 - http://192.168.1.63:8201/intro/seep
2011-07-08 12:14:02,689 INFO  coreservlets.HelloServlet3 :33 - WorkGroup_Id=1391
2011-07-08 12:14:02,689 INFO  coreservlets.HelloServlet3 :36 - con...
2011-07-08 12:14:03,047 INFO  coreservlets.HelloServlet3 :42 - ok
2011-07-08 12:14:03,187 INFO  coreservlets.HelloServlet3 :102 - success
2011-07-08 12:14:03,187 INFO  coreservlets.HelloServlet3 :109 - end..........
2011-07-08 12:14:29,934 INFO  coreservlets.HelloServlet3 :27 - invoked the LoggingServlet..........
2011-07-08 12:14:29,934 INFO  coreservlets.HelloServlet3 :32 - http://192.168.1.63:8201/intro/seep
2011-07-08 12:14:29,934 INFO  coreservlets.HelloServlet3 :33 - CrewId%20=%205
2011-07-08 12:14:29,934 INFO  coreservlets.HelloServlet3 :36 - con...
2011-07-08 12:14:29,934 INFO  coreservlets.HelloServlet3 :42 - ok
2011-07-08 12:15:29,469 INFO  coreservlets.HelloServlet3 :27 - invoked the LoggingServlet..........
2011-07-08 12:15:29,469 INFO  coreservlets.HelloServlet3 :32 - http://192.168.1.63:8201/intro/seep
2011-07-08 12:15:29,469 INFO  coreservlets.HelloServlet3 :33 - CrewId%20=%205
2011-07-08 12:15:29,469 INFO  coreservlets.HelloServlet3 :36 - con...
2011-07-08 12:15:29,500 INFO  coreservlets.HelloServlet3 :42 - ok
2011-07-08 12:15:48,416 INFO  coreservlets.HelloServlet3 :27 - invoked the LoggingServlet..........
2011-07-08 12:15:48,416 INFO  coreservlets.HelloServlet3 :32 - http://192.168.1.63:8201/intro/seep
2011-07-08 12:15:48,416 INFO  coreservlets.HelloServlet3 :33 - WorkGroup_Id=1391
2011-07-08 12:15:48,416 INFO  coreservlets.HelloServlet3 :36 - con...
2011-07-08 12:15:48,447 INFO  coreservlets.HelloServlet3 :42 - ok
2011-07-08 12:15:48,478 INFO  coreservlets.HelloServlet3 :102 - success
2011-07-08 12:15:48,478 INFO  coreservlets.HelloServlet3 :109 - end..........
2011-07-08 12:16:11,007 INFO  coreservlets.HelloServlet3 :27 - invoked the LoggingServlet..........
2011-07-08 12:16:11,023 INFO  coreservlets.HelloServlet3 :32 - http://192.168.1.63:8201/intro/seep
2011-07-08 12:16:11,023 INFO  coreservlets.HelloServlet3 :33 - CrewId%20=%203
2011-07-08 12:16:11,023 INFO  coreservlets.HelloServlet3 :36 - con...
2011-07-08 12:16:11,023 INFO  coreservlets.HelloServlet3 :42 - ok
2011-07-08 12:16:37,759 INFO  coreservlets.HelloServlet3 :27 - invoked the LoggingServlet..........
2011-07-08 12:16:37,759 INFO  coreservlets.HelloServlet3 :32 - http://192.168.1.63:8201/intro/seep
2011-07-08 12:16:37,759 INFO  coreservlets.HelloServlet3 :33 - CrewId=3
2011-07-08 12:16:37,759 INFO  coreservlets.HelloServlet3 :36 - con...
2011-07-08 12:16:37,790 INFO  coreservlets.HelloServlet3 :42 - ok
2011-07-08 12:16:37,821 INFO  coreservlets.HelloServlet3 :102 - success
2011-07-08 12:16:37,821 INFO  coreservlets.HelloServlet3 :109 - end..........
2011-07-08 12:26:39,616 INFO  coreservlets.HelloServlet3 :27 - invoked the LoggingServlet..........
2011-07-08 12:26:39,616 INFO  coreservlets.HelloServlet3 :32 - http://192.168.1.63:8201/intro/seep
2011-07-08 12:26:39,616 INFO  coreservlets.HelloServlet3 :33 - CrewId=5
2011-07-08 12:26:39,616 INFO  coreservlets.HelloServlet3 :36 - con...
2011-07-08 12:26:39,616 INFO  coreservlets.HelloServlet3 :42 - ok
2011-07-08 12:26:39,647 INFO  coreservlets.HelloServlet3 :102 - success
2011-07-08 12:26:39,647 INFO  coreservlets.HelloServlet3 :109 - end..........
2011-07-08 12:30:28,821 INFO  coreservlets.HelloServlet3 :27 - invoked the LoggingServlet..........
2011-07-08 12:30:28,821 INFO  coreservlets.HelloServlet3 :32 - http://192.168.1.63:8201/intro/seep
2011-07-08 12:30:28,821 INFO  coreservlets.HelloServlet3 :33 - CrewId=120322562005
2011-07-08 12:30:28,821 INFO  coreservlets.HelloServlet3 :36 - con...
2011-07-08 12:30:28,821 INFO  coreservlets.HelloServlet3 :42 - ok
2011-07-08 12:30:28,852 INFO  coreservlets.HelloServlet3 :109 - end..........
2011-07-08 12:30:41,961 INFO  coreservlets.HelloServlet3 :27 - invoked the LoggingServlet..........
2011-07-08 12:30:41,961 INFO  coreservlets.HelloServlet3 :32 - http://192.168.1.63:8201/intro/seep
2011-07-08 12:30:41,961 INFO  coreservlets.HelloServlet3 :33 - CrewId=5
2011-07-08 12:30:41,961 INFO  coreservlets.HelloServlet3 :36 - con...
2011-07-08 12:30:41,977 INFO  coreservlets.HelloServlet3 :42 - ok
2011-07-08 12:30:42,008 INFO  coreservlets.HelloServlet3 :102 - success
2011-07-08 12:30:42,008 INFO  coreservlets.HelloServlet3 :109 - end..........
2011-07-08 12:36:43,714 INFO  coreservlets.HelloServlet3 :27 - invoked the LoggingServlet..........
2011-07-08 12:36:43,714 INFO  coreservlets.HelloServlet3 :32 - http://192.168.1.63:8201/intro/seep
2011-07-08 12:36:43,714 INFO  coreservlets.HelloServlet3 :33 - CrewId=5
2011-07-08 12:36:43,714 INFO  coreservlets.HelloServlet3 :36 - con...
2011-07-08 12:36:43,730 INFO  coreservlets.HelloServlet3 :42 - ok
2011-07-08 12:36:43,761 INFO  coreservlets.HelloServlet3 :102 - success
2011-07-08 12:36:43,761 INFO  coreservlets.HelloServlet3 :109 - end..........
2011-07-08 12:39:54,604 INFO  coreservlets.HelloServlet3 :27 - invoked the LoggingServlet..........
2011-07-08 12:39:54,604 INFO  coreservlets.HelloServlet3 :32 - http://192.168.1.63:8201/intro/seep
2011-07-08 12:39:54,604 INFO  coreservlets.HelloServlet3 :33 - WorkGroup_Id=NA
2011-07-08 12:39:54,604 INFO  coreservlets.HelloServlet3 :36 - con...
2011-07-08 12:39:54,604 INFO  coreservlets.HelloServlet3 :42 - ok
2011-07-08 12:40:38,816 INFO  coreservlets.HelloServlet3 :27 - invoked the LoggingServlet..........
2011-07-08 12:40:38,816 INFO  coreservlets.HelloServlet3 :32 - http://192.168.1.63:8201/intro/seep
2011-07-08 12:40:38,816 INFO  coreservlets.HelloServlet3 :33 - WorkGroup_Id=1391
2011-07-08 12:40:38,816 INFO  coreservlets.HelloServlet3 :36 - con...
2011-07-08 12:40:38,847 INFO  coreservlets.HelloServlet3 :42 - ok
2011-07-08 12:40:38,878 INFO  coreservlets.HelloServlet3 :102 - success
2011-07-08 12:40:38,878 INFO  coreservlets.HelloServlet3 :109 - end..........
2011-07-08 12:43:40,763 INFO  coreservlets.HelloServlet3 :27 - invoked the LoggingServlet..........
2011-07-08 12:43:40,778 INFO  coreservlets.HelloServlet3 :32 - http://192.168.1.63:8201/intro/seep
2011-07-08 12:43:40,778 INFO  coreservlets.HelloServlet3 :33 - WorkGroup_Id=1391
2011-07-08 12:43:40,778 INFO  coreservlets.HelloServlet3 :36 - con...
2011-07-08 12:43:41,074 INFO  coreservlets.HelloServlet3 :42 - ok
2011-07-08 12:43:41,215 INFO  coreservlets.HelloServlet3 :102 - success
2011-07-08 12:43:41,215 INFO  coreservlets.HelloServlet3 :109 - end..........
2011-07-08 12:45:26,051 INFO  coreservlets.HelloServlet3 :27 - invoked the LoggingServlet..........
2011-07-08 12:45:26,066 INFO  coreservlets.HelloServlet3 :32 - http://192.168.1.63:8201/intro/seep
2011-07-08 12:45:26,066 INFO  coreservlets.HelloServlet3 :33 - WorkGroup_Id=1391
2011-07-08 12:45:26,066 INFO  coreservlets.HelloServlet3 :36 - con...
2011-07-08 12:45:26,347 INFO  coreservlets.HelloServlet3 :42 - ok
2011-07-08 12:45:26,487 INFO  coreservlets.HelloServlet3 :100 - success
2011-07-08 12:45:26,487 INFO  coreservlets.HelloServlet3 :107 - end..........
2011-07-08 12:51:29,705 INFO  coreservlets.HelloServlet3 :27 - invoked the LoggingServlet..........
2011-07-08 12:51:29,720 INFO  coreservlets.HelloServlet3 :32 - http://192.168.1.63:8201/intro/seep
2011-07-08 12:51:29,720 INFO  coreservlets.HelloServlet3 :33 - CrewId=3
2011-07-08 12:51:29,720 INFO  coreservlets.HelloServlet3 :36 - con...
2011-07-08 12:51:30,017 INFO  coreservlets.HelloServlet3 :42 - ok
2011-07-08 12:51:30,172 INFO  coreservlets.HelloServlet3 :102 - success
2011-07-08 12:51:30,172 INFO  coreservlets.HelloServlet3 :109 - end..........
2011-07-08 12:51:41,675 INFO  coreservlets.HelloServlet3 :27 - invoked the LoggingServlet..........
2011-07-08 12:51:41,675 INFO  coreservlets.HelloServlet3 :32 - http://192.168.1.63:8201/intro/seep
2011-07-08 12:51:41,690 INFO  coreservlets.HelloServlet3 :33 - WorkGroup_Id=1391
2011-07-08 12:51:41,690 INFO  coreservlets.HelloServlet3 :36 - con...
2011-07-08 12:51:41,690 INFO  coreservlets.HelloServlet3 :42 - ok
2011-07-08 12:51:41,721 INFO  coreservlets.HelloServlet3 :102 - success
2011-07-08 12:51:41,721 INFO  coreservlets.HelloServlet3 :109 - end..........
2011-07-08 12:51:55,982 INFO  coreservlets.HelloServlet3 :27 - invoked the LoggingServlet..........
2011-07-08 12:51:55,982 INFO  coreservlets.HelloServlet3 :32 - http://192.168.1.63:8201/intro/seep
2011-07-08 12:51:55,982 INFO  coreservlets.HelloServlet3 :33 - CrewId=3
2011-07-08 12:51:55,982 INFO  coreservlets.HelloServlet3 :36 - con...
2011-07-08 12:51:55,998 INFO  coreservlets.HelloServlet3 :42 - ok
2011-07-08 12:51:55,998 INFO  coreservlets.HelloServlet3 :102 - success
2011-07-08 12:51:55,998 INFO  coreservlets.HelloServlet3 :109 - end..........
2011-07-08 12:56:17,933 INFO  coreservlets.HelloServlet3 :27 - invoked the LoggingServlet..........
2011-07-08 12:56:17,949 INFO  coreservlets.HelloServlet3 :32 - http://192.168.1.63:8201/intro/seep
2011-07-08 12:56:17,949 INFO  coreservlets.HelloServlet3 :33 - CrewId=3
2011-07-08 12:56:17,949 INFO  coreservlets.HelloServlet3 :36 - con...
2011-07-08 12:56:18,245 INFO  coreservlets.HelloServlet3 :42 - ok
2011-07-08 12:56:18,385 INFO  coreservlets.HelloServlet3 :101 - success
2011-07-08 12:56:18,385 INFO  coreservlets.HelloServlet3 :108 - end..........
2011-07-08 12:57:14,245 INFO  coreservlets.HelloServlet3 :27 - invoked the LoggingServlet..........
2011-07-08 12:57:14,245 INFO  coreservlets.HelloServlet3 :32 - http://192.168.1.63:8201/intro/seep
2011-07-08 12:57:14,245 INFO  coreservlets.HelloServlet3 :33 - CrewId=5
2011-07-08 12:57:14,245 INFO  coreservlets.HelloServlet3 :36 - con...
2011-07-08 12:57:14,245 INFO  coreservlets.HelloServlet3 :42 - ok
2011-07-08 12:57:14,292 INFO  coreservlets.HelloServlet3 :101 - success
2011-07-08 12:57:14,292 INFO  coreservlets.HelloServlet3 :108 - end..........
2011-07-08 12:57:29,223 INFO  coreservlets.HelloServlet3 :27 - invoked the LoggingServlet..........
2011-07-08 12:57:29,223 INFO  coreservlets.HelloServlet3 :32 - http://192.168.1.63:8201/intro/seep
2011-07-08 12:57:29,223 INFO  coreservlets.HelloServlet3 :33 - WorkGroup_Id=1391
2011-07-08 12:57:29,223 INFO  coreservlets.HelloServlet3 :36 - con...
2011-07-08 12:57:29,223 INFO  coreservlets.HelloServlet3 :42 - ok
2011-07-08 12:57:29,254 INFO  coreservlets.HelloServlet3 :101 - success
2011-07-08 12:57:29,254 INFO  coreservlets.HelloServlet3 :108 - end..........
2011-07-08 13:13:26,295 INFO  coreservlets.HelloServlet3 :27 - invoked the LoggingServlet..........
2011-07-08 13:13:26,311 INFO  coreservlets.HelloServlet3 :32 - http://192.168.1.63:8201/intro/seep
2011-07-08 13:13:26,311 INFO  coreservlets.HelloServlet3 :33 - CrewId=5
2011-07-08 13:13:26,311 INFO  coreservlets.HelloServlet3 :36 - con...
2011-07-08 13:13:26,311 INFO  coreservlets.HelloServlet3 :42 - ok
2011-07-08 13:13:26,342 INFO  coreservlets.HelloServlet3 :101 - success
2011-07-08 13:13:26,342 INFO  coreservlets.HelloServlet3 :108 - end..........
2011-07-08 13:13:40,385 INFO  coreservlets.HelloServlet3 :27 - invoked the LoggingServlet..........
2011-07-08 13:13:40,385 INFO  coreservlets.HelloServlet3 :32 - http://192.168.1.63:8201/intro/seep
2011-07-08 13:13:40,385 INFO  coreservlets.HelloServlet3 :33 - WorkGroup_Id=1391
2011-07-08 13:13:40,385 INFO  coreservlets.HelloServlet3 :36 - con...
2011-07-08 13:13:40,385 INFO  coreservlets.HelloServlet3 :42 - ok
2011-07-08 13:13:40,416 INFO  coreservlets.HelloServlet3 :101 - success
2011-07-08 13:13:40,416 INFO  coreservlets.HelloServlet3 :108 - end..........
2011-07-08 13:17:15,740 INFO  coreservlets.HelloServlet3 :27 - invoked the LoggingServlet..........
2011-07-08 13:17:15,740 INFO  coreservlets.HelloServlet3 :32 - http://192.168.1.63:8201/intro/seep
2011-07-08 13:17:15,740 INFO  coreservlets.HelloServlet3 :33 - CrewId=5
2011-07-08 13:17:15,740 INFO  coreservlets.HelloServlet3 :36 - con...
2011-07-08 13:17:15,756 INFO  coreservlets.HelloServlet3 :42 - ok
2011-07-08 13:17:15,788 INFO  coreservlets.HelloServlet3 :101 - success
2011-07-08 13:17:15,788 INFO  coreservlets.HelloServlet3 :108 - end..........
2011-07-08 13:17:31,657 INFO  coreservlets.HelloServlet3 :27 - invoked the LoggingServlet..........
2011-07-08 13:17:31,657 INFO  coreservlets.HelloServlet3 :32 - http://192.168.1.63:8201/intro/seep
2011-07-08 13:17:31,673 INFO  coreservlets.HelloServlet3 :33 - WorkGroup_Id=1391
2011-07-08 13:17:31,673 INFO  coreservlets.HelloServlet3 :36 - con...
2011-07-08 13:17:31,673 INFO  coreservlets.HelloServlet3 :42 - ok
2011-07-08 13:17:31,705 INFO  coreservlets.HelloServlet3 :101 - success
2011-07-08 13:17:31,705 INFO  coreservlets.HelloServlet3 :108 - end..........
2011-07-08 13:20:28,615 INFO  coreservlets.HelloServlet3 :27 - invoked the LoggingServlet..........
2011-07-08 13:20:28,615 INFO  coreservlets.HelloServlet3 :32 - http://192.168.1.63:8201/intro/seep
2011-07-08 13:20:28,615 INFO  coreservlets.HelloServlet3 :33 - CrewId=NA
2011-07-08 13:20:28,615 INFO  coreservlets.HelloServlet3 :36 - con...
2011-07-08 13:20:28,615 INFO  coreservlets.HelloServlet3 :42 - ok
2011-07-08 13:20:48,125 INFO  coreservlets.HelloServlet3 :27 - invoked the LoggingServlet..........
2011-07-08 13:20:48,125 INFO  coreservlets.HelloServlet3 :32 - http://192.168.1.63:8201/intro/seep
2011-07-08 13:20:48,125 INFO  coreservlets.HelloServlet3 :33 - CrewId=5
2011-07-08 13:20:48,125 INFO  coreservlets.HelloServlet3 :36 - con...
2011-07-08 13:20:48,141 INFO  coreservlets.HelloServlet3 :42 - ok
2011-07-08 13:20:48,172 INFO  coreservlets.HelloServlet3 :101 - success
2011-07-08 13:20:48,172 INFO  coreservlets.HelloServlet3 :108 - end..........
2011-07-08 13:21:04,141 INFO  coreservlets.HelloServlet3 :27 - invoked the LoggingServlet..........
2011-07-08 13:21:04,141 INFO  coreservlets.HelloServlet3 :32 - http://192.168.1.63:8201/intro/seep
2011-07-08 13:21:04,141 INFO  coreservlets.HelloServlet3 :33 - WorkGroup_Id=1391
2011-07-08 13:21:04,141 INFO  coreservlets.HelloServlet3 :36 - con...
2011-07-08 13:21:04,141 INFO  coreservlets.HelloServlet3 :42 - ok
2011-07-08 13:21:04,172 INFO  coreservlets.HelloServlet3 :101 - success
2011-07-08 13:21:04,172 INFO  coreservlets.HelloServlet3 :108 - end..........
2011-07-08 13:21:18,746 INFO  coreservlets.HelloServlet3 :27 - invoked the LoggingServlet..........
2011-07-08 13:21:18,746 INFO  coreservlets.HelloServlet3 :32 - http://192.168.1.63:8201/intro/seep
2011-07-08 13:21:18,746 INFO  coreservlets.HelloServlet3 :33 - CrewId=NA
2011-07-08 13:21:18,746 INFO  coreservlets.HelloServlet3 :36 - con...
2011-07-08 13:21:18,919 INFO  coreservlets.HelloServlet3 :42 - ok
2011-07-08 13:21:25,861 INFO  coreservlets.HelloServlet3 :27 - invoked the LoggingServlet..........
2011-07-08 13:21:25,861 INFO  coreservlets.HelloServlet3 :32 - http://192.168.1.63:8201/intro/seep
2011-07-08 13:21:25,861 INFO  coreservlets.HelloServlet3 :33 - CrewId=NA
2011-07-08 13:21:25,861 INFO  coreservlets.HelloServlet3 :36 - con...
2011-07-08 13:21:25,861 INFO  coreservlets.HelloServlet3 :42 - ok
2011-07-08 14:54:30,845 INFO  coreservlets.HelloServlet3 :27 - invoked the LoggingServlet..........
2011-07-08 14:54:30,892 INFO  coreservlets.HelloServlet3 :32 - http://192.168.1.63:8201/intro/seep
2011-07-08 14:54:30,892 INFO  coreservlets.HelloServlet3 :33 - CrewId=5
2011-07-08 14:54:30,892 INFO  coreservlets.HelloServlet3 :36 - con...
2011-07-08 14:54:31,110 INFO  coreservlets.HelloServlet3 :42 - ok
2011-07-08 14:54:31,141 INFO  coreservlets.HelloServlet3 :101 - success
2011-07-08 14:54:31,141 INFO  coreservlets.HelloServlet3 :108 - end..........
2011-07-08 14:54:45,096 INFO  coreservlets.HelloServlet3 :27 - invoked the LoggingServlet..........
2011-07-08 14:54:45,096 INFO  coreservlets.HelloServlet3 :32 - http://192.168.1.63:8201/intro/seep
2011-07-08 14:54:45,096 INFO  coreservlets.HelloServlet3 :33 - WorkGroup_Id=1391
2011-07-08 14:54:45,096 INFO  coreservlets.HelloServlet3 :36 - con...
2011-07-08 14:54:45,096 INFO  coreservlets.HelloServlet3 :42 - ok
2011-07-08 14:54:45,127 INFO  coreservlets.HelloServlet3 :101 - success
2011-07-08 14:54:45,127 INFO  coreservlets.HelloServlet3 :108 - end..........
2011-07-08 15:02:11,523 INFO  coreservlets.HelloServlet3 :27 - invoked the LoggingServlet..........
2011-07-08 15:02:11,523 INFO  coreservlets.HelloServlet3 :32 - http://192.168.1.63:8201/intro/seep
2011-07-08 15:02:11,523 INFO  coreservlets.HelloServlet3 :33 - CrewId=5
2011-07-08 15:02:11,523 INFO  coreservlets.HelloServlet3 :36 - con...
2011-07-08 15:02:11,539 INFO  coreservlets.HelloServlet3 :42 - ok
2011-07-08 15:02:11,539 INFO  coreservlets.HelloServlet3 :101 - success
2011-07-08 15:02:11,539 INFO  coreservlets.HelloServlet3 :108 - end..........
2011-07-08 15:02:28,960 INFO  coreservlets.HelloServlet3 :27 - invoked the LoggingServlet..........
2011-07-08 15:02:28,960 INFO  coreservlets.HelloServlet3 :32 - http://192.168.1.63:8201/intro/seep
2011-07-08 15:02:28,960 INFO  coreservlets.HelloServlet3 :33 - WorkGroup_Id=1391
2011-07-08 15:02:28,960 INFO  coreservlets.HelloServlet3 :36 - con...
2011-07-08 15:02:28,960 INFO  coreservlets.HelloServlet3 :42 - ok
2011-07-08 15:02:28,976 INFO  coreservlets.HelloServlet3 :101 - success
2011-07-08 15:02:28,976 INFO  coreservlets.HelloServlet3 :108 - end..........
2011-07-08 15:06:47,650 INFO  coreservlets.HelloServlet3 :27 - invoked the LoggingServlet..........
2011-07-08 15:06:47,650 INFO  coreservlets.HelloServlet3 :32 - http://192.168.1.63:8201/intro/seep
2011-07-08 15:06:47,650 INFO  coreservlets.HelloServlet3 :33 - CrewId=4
2011-07-08 15:06:47,650 INFO  coreservlets.HelloServlet3 :36 - con...
2011-07-08 15:06:47,650 INFO  coreservlets.HelloServlet3 :42 - ok
2011-07-08 15:06:47,697 INFO  coreservlets.HelloServlet3 :101 - success
2011-07-08 15:06:47,697 INFO  coreservlets.HelloServlet3 :108 - end..........
2011-07-08 15:06:59,894 INFO  coreservlets.HelloServlet3 :27 - invoked the LoggingServlet..........
2011-07-08 15:06:59,894 INFO  coreservlets.HelloServlet3 :32 - http://192.168.1.63:8201/intro/seep
2011-07-08 15:06:59,894 INFO  coreservlets.HelloServlet3 :33 - WorkGroup_Id=1
2011-07-08 15:06:59,894 INFO  coreservlets.HelloServlet3 :36 - con...
2011-07-08 15:06:59,910 INFO  coreservlets.HelloServlet3 :42 - ok
2011-07-08 15:06:59,941 INFO  coreservlets.HelloServlet3 :101 - success
2011-07-08 15:06:59,941 INFO  coreservlets.HelloServlet3 :108 - end..........
2011-07-08 15:09:57,096 INFO  coreservlets.HelloServlet3 :27 - invoked the LoggingServlet..........
2011-07-08 15:09:57,096 INFO  coreservlets.HelloServlet3 :32 - http://192.168.1.63:8201/intro/seep
2011-07-08 15:09:57,096 INFO  coreservlets.HelloServlet3 :33 - CrewId=4
2011-07-08 15:09:57,096 INFO  coreservlets.HelloServlet3 :36 - con...
2011-07-08 15:09:57,111 INFO  coreservlets.HelloServlet3 :42 - ok
2011-07-08 15:09:57,111 INFO  coreservlets.HelloServlet3 :101 - success
2011-07-08 15:09:57,111 INFO  coreservlets.HelloServlet3 :108 - end..........
2011-07-08 15:10:19,123 INFO  coreservlets.HelloServlet3 :27 - invoked the LoggingServlet..........
2011-07-08 15:10:19,123 INFO  coreservlets.HelloServlet3 :32 - http://192.168.1.63:8201/intro/seep
2011-07-08 15:10:19,123 INFO  coreservlets.HelloServlet3 :33 - WorkGroup_Id=1524
2011-07-08 15:10:19,123 INFO  coreservlets.HelloServlet3 :36 - con...
2011-07-08 15:10:19,138 INFO  coreservlets.HelloServlet3 :42 - ok
2011-07-08 15:10:19,154 INFO  coreservlets.HelloServlet3 :101 - success
2011-07-08 15:10:19,154 INFO  coreservlets.HelloServlet3 :108 - end..........
2011-07-08 15:11:26,751 INFO  coreservlets.HelloServlet3 :27 - invoked the LoggingServlet..........
2011-07-08 15:11:26,751 INFO  coreservlets.HelloServlet3 :32 - http://192.168.1.63:8201/intro/seep
2011-07-08 15:11:26,751 INFO  coreservlets.HelloServlet3 :33 - CrewId=5
2011-07-08 15:11:26,751 INFO  coreservlets.HelloServlet3 :36 - con...
2011-07-08 15:11:26,751 INFO  coreservlets.HelloServlet3 :42 - ok
2011-07-08 15:11:26,766 INFO  coreservlets.HelloServlet3 :101 - success
2011-07-08 15:11:26,766 INFO  coreservlets.HelloServlet3 :108 - end..........
2011-07-08 15:11:38,920 INFO  coreservlets.HelloServlet3 :27 - invoked the LoggingServlet..........
2011-07-08 15:11:38,920 INFO  coreservlets.HelloServlet3 :32 - http://192.168.1.63:8201/intro/seep
2011-07-08 15:11:38,920 INFO  coreservlets.HelloServlet3 :33 - WorkGroup_Id=1524
2011-07-08 15:11:38,920 INFO  coreservlets.HelloServlet3 :36 - con...
2011-07-08 15:11:38,936 INFO  coreservlets.HelloServlet3 :42 - ok
2011-07-08 15:11:38,936 INFO  coreservlets.HelloServlet3 :101 - success
2011-07-08 15:11:38,936 INFO  coreservlets.HelloServlet3 :108 - end..........
2011-07-08 17:13:34,135 INFO  coreservlets.HelloServlet3 :27 - invoked the LoggingServlet..........
2011-07-08 17:13:34,135 INFO  coreservlets.HelloServlet3 :32 - http://192.168.1.63:8201/intro/seep
2011-07-08 17:13:34,135 INFO  coreservlets.HelloServlet3 :33 - CrewId=1
2011-07-08 17:13:34,135 INFO  coreservlets.HelloServlet3 :36 - con...
2011-07-08 17:13:34,151 INFO  coreservlets.HelloServlet3 :42 - ok
2011-07-08 17:13:34,182 INFO  coreservlets.HelloServlet3 :101 - success
2011-07-08 17:13:34,182 INFO  coreservlets.HelloServlet3 :108 - end..........
2011-07-08 17:13:48,720 INFO  coreservlets.HelloServlet3 :27 - invoked the LoggingServlet..........
2011-07-08 17:13:48,720 INFO  coreservlets.HelloServlet3 :32 - http://192.168.1.63:8201/intro/seep
2011-07-08 17:13:48,720 INFO  coreservlets.HelloServlet3 :33 - WorkGroup_Id=1391
2011-07-08 17:13:48,720 INFO  coreservlets.HelloServlet3 :36 - con...
2011-07-08 17:13:48,736 INFO  coreservlets.HelloServlet3 :42 - ok
2011-07-08 17:13:48,767 INFO  coreservlets.HelloServlet3 :101 - success
2011-07-08 17:13:48,767 INFO  coreservlets.HelloServlet3 :108 - end..........
2011-07-08 17:32:42,606 INFO  coreservlets.HelloServlet3 :27 - invoked the LoggingServlet..........
2011-07-08 17:32:42,606 INFO  coreservlets.HelloServlet3 :32 - http://192.168.1.63:8201/intro/seep
2011-07-08 17:32:42,606 INFO  coreservlets.HelloServlet3 :33 - CrewId=5
2011-07-08 17:32:42,606 INFO  coreservlets.HelloServlet3 :36 - con...
2011-07-08 17:32:42,606 INFO  coreservlets.HelloServlet3 :42 - ok
2011-07-08 17:32:42,638 INFO  coreservlets.HelloServlet3 :101 - success
2011-07-08 17:32:42,638 INFO  coreservlets.HelloServlet3 :108 - end..........
2011-07-08 17:32:57,535 INFO  coreservlets.HelloServlet3 :27 - invoked the LoggingServlet..........
2011-07-08 17:32:57,535 INFO  coreservlets.HelloServlet3 :32 - http://192.168.1.63:8201/intro/seep
2011-07-08 17:32:57,535 INFO  coreservlets.HelloServlet3 :33 - WorkGroup_Id=139
2011-07-08 17:32:57,535 INFO  coreservlets.HelloServlet3 :36 - con...
2011-07-08 17:32:57,551 INFO  coreservlets.HelloServlet3 :42 - ok
2011-07-08 17:32:57,582 INFO  coreservlets.HelloServlet3 :101 - success
2011-07-08 17:32:57,582 INFO  coreservlets.HelloServlet3 :108 - end..........
