2011-07-05 12:39:54,641 INFO  org.apache.axis2.deployment.ModuleDeployer :75 - Deploying module: addressing-1.4 - file:/D:/Tomcat_6_0_26/webapps/ssc/WEB-INF/modules/addressing-1.4.mar
2011-07-05 12:39:55,220 INFO  org.apache.axis2.deployment.ModuleDeployer :75 - Deploying module: metadataExchange-1.4 - file:/D:/Tomcat_6_0_26/webapps/ssc/WEB-INF/modules/mex-1.4.mar
2011-07-05 12:39:55,376 INFO  org.apache.axis2.deployment.ModuleDeployer :75 - Deploying module: ping-1.4 - file:/D:/Tomcat_6_0_26/webapps/ssc/WEB-INF/modules/ping-1.4.mar
2011-07-05 12:39:55,392 INFO  org.apache.axis2.deployment.ModuleDeployer :75 - Deploying module: script-1.4 - file:/D:/Tomcat_6_0_26/webapps/ssc/WEB-INF/modules/scripting-1.4.mar
2011-07-05 12:39:55,438 INFO  org.apache.axis2.deployment.ModuleDeployer :75 - Deploying module: smtpfault - file:/D:/Tomcat_6_0_26/webapps/ssc/WEB-INF/modules/smtpfault.mar
2011-07-05 12:39:55,470 INFO  org.apache.axis2.deployment.ModuleDeployer :75 - Deploying module: soapmonitor-1.4 - file:/D:/Tomcat_6_0_26/webapps/ssc/WEB-INF/modules/soapmonitor-1.4.mar
2011-07-05 12:39:57,626 INFO  org.apache.axis2.deployment.ServiceDeployer :91 - Deploying Web service: version.aar - file:/D:/Tomcat_6_0_26/webapps/ssc/WEB-INF/services/version.aar
2011-07-05 12:40:01,220 INFO  org.apache.axis2.deployment.ModuleDeployer :75 - Deploying module: addressing-1.4 - file:/D:/Tomcat_6_0_26/webapps/sss/WEB-INF/modules/addressing-1.4.mar
2011-07-05 12:40:01,282 INFO  org.apache.axis2.deployment.ModuleDeployer :75 - Deploying module: metadataExchange-1.4 - file:/D:/Tomcat_6_0_26/webapps/sss/WEB-INF/modules/mex-1.4.mar
2011-07-05 12:40:01,314 INFO  org.apache.axis2.deployment.ModuleDeployer :75 - Deploying module: ping-1.4 - file:/D:/Tomcat_6_0_26/webapps/sss/WEB-INF/modules/ping-1.4.mar
2011-07-05 12:40:01,329 INFO  org.apache.axis2.deployment.ModuleDeployer :75 - Deploying module: script-1.4 - file:/D:/Tomcat_6_0_26/webapps/sss/WEB-INF/modules/scripting-1.4.mar
2011-07-05 12:40:01,345 INFO  org.apache.axis2.deployment.ModuleDeployer :75 - Deploying module: smtpfault - file:/D:/Tomcat_6_0_26/webapps/sss/WEB-INF/modules/smtpfault.mar
2011-07-05 12:40:01,376 INFO  org.apache.axis2.deployment.ModuleDeployer :75 - Deploying module: soapmonitor-1.4 - file:/D:/Tomcat_6_0_26/webapps/sss/WEB-INF/modules/soapmonitor-1.4.mar
2011-07-05 12:40:01,939 INFO  org.apache.axis2.deployment.ServiceDeployer :91 - Deploying Web service: StockSymbolService - file:/D:/Tomcat_6_0_26/webapps/sss/WEB-INF/services/StockSymbolService/
2011-07-05 12:40:01,986 INFO  org.apache.axis2.deployment.ServiceDeployer :91 - Deploying Web service: version.aar - file:/D:/Tomcat_6_0_26/webapps/sss/WEB-INF/services/version.aar
2011-07-05 12:43:22,914 INFO  org.apache.commons.httpclient.HttpMethodBase :1743 - Discarding unexpected response: HTTP/1.1 100 Continue
2011-07-05 12:43:23,586 INFO  org.apache.axis2.transport.http.HTTPSender :192 - Unable to sendViaPost to url[http://localhost/stock-symbol-service/services/StockSymbolService]
org.apache.axis2.AxisFault: Transport error: 405 Error: Method not allowed
	at org.apache.axis2.transport.http.HTTPSender.handleResponse(HTTPSender.java:296)
	at org.apache.axis2.transport.http.HTTPSender.sendViaPost(HTTPSender.java:190)
	at org.apache.axis2.transport.http.HTTPSender.send(HTTPSender.java:75)
	at org.apache.axis2.transport.http.CommonsHTTPTransportSender.writeMessageWithCommons(CommonsHTTPTransportSender.java:364)
	at org.apache.axis2.transport.http.CommonsHTTPTransportSender.invoke(CommonsHTTPTransportSender.java:208)
	at org.apache.axis2.engine.AxisEngine.send(AxisEngine.java:448)
	at org.apache.axis2.description.OutInAxisOperationClient.send(OutInAxisOperation.java:401)
	at org.apache.axis2.description.OutInAxisOperationClient.executeImpl(OutInAxisOperation.java:228)
	at org.apache.axis2.client.OperationClient.execute(OperationClient.java:163)
	at service.StockSymbolServiceStub.findCompany(StockSymbolServiceStub.java:198)
	at client.StockSymbolClient.findCompany(StockSymbolClient.java:40)
	at client.StockSymbolServlet.doGet(StockSymbolServlet.java:22)
	at javax.servlet.http.HttpServlet.service(HttpServlet.java:617)
	at javax.servlet.http.HttpServlet.service(HttpServlet.java:717)
	at org.apache.catalina.core.ApplicationFilterChain.internalDoFilter(ApplicationFilterChain.java:290)
	at org.apache.catalina.core.ApplicationFilterChain.doFilter(ApplicationFilterChain.java:206)
	at org.apache.catalina.core.StandardWrapperValve.invoke(StandardWrapperValve.java:233)
	at org.apache.catalina.core.StandardContextValve.invoke(StandardContextValve.java:191)
	at org.apache.catalina.core.StandardHostValve.invoke(StandardHostValve.java:127)
	at org.apache.catalina.valves.ErrorReportValve.invoke(ErrorReportValve.java:102)
	at org.apache.catalina.core.StandardEngineValve.invoke(StandardEngineValve.java:109)
	at org.apache.catalina.connector.CoyoteAdapter.service(CoyoteAdapter.java:298)
	at org.apache.coyote.http11.Http11Processor.process(Http11Processor.java:852)
	at org.apache.coyote.http11.Http11Protocol$Http11ConnectionHandler.process(Http11Protocol.java:588)
	at org.apache.tomcat.util.net.JIoEndpoint$Worker.run(JIoEndpoint.java:489)
	at java.lang.Thread.run(Thread.java:619)
2011-07-05 12:45:47,507 INFO  org.apache.commons.httpclient.HttpMethodBase :1743 - Discarding unexpected response: HTTP/1.1 100 Continue
2011-07-05 12:45:47,523 INFO  org.apache.axis2.transport.http.HTTPSender :192 - Unable to sendViaPost to url[http://localhost/stock-symbol-service/services/StockSymbolService]
org.apache.axis2.AxisFault: Transport error: 405 Error: Method not allowed
	at org.apache.axis2.transport.http.HTTPSender.handleResponse(HTTPSender.java:296)
	at org.apache.axis2.transport.http.HTTPSender.sendViaPost(HTTPSender.java:190)
	at org.apache.axis2.transport.http.HTTPSender.send(HTTPSender.java:75)
	at org.apache.axis2.transport.http.CommonsHTTPTransportSender.writeMessageWithCommons(CommonsHTTPTransportSender.java:364)
	at org.apache.axis2.transport.http.CommonsHTTPTransportSender.invoke(CommonsHTTPTransportSender.java:208)
	at org.apache.axis2.engine.AxisEngine.send(AxisEngine.java:448)
	at org.apache.axis2.description.OutInAxisOperationClient.send(OutInAxisOperation.java:401)
	at org.apache.axis2.description.OutInAxisOperationClient.executeImpl(OutInAxisOperation.java:228)
	at org.apache.axis2.client.OperationClient.execute(OperationClient.java:163)
	at service.StockSymbolServiceStub.findCompany(StockSymbolServiceStub.java:198)
	at client.StockSymbolClient.findCompany(StockSymbolClient.java:40)
	at client.StockSymbolServlet.doGet(StockSymbolServlet.java:22)
	at javax.servlet.http.HttpServlet.service(HttpServlet.java:617)
	at javax.servlet.http.HttpServlet.service(HttpServlet.java:717)
	at org.apache.catalina.core.ApplicationFilterChain.internalDoFilter(ApplicationFilterChain.java:290)
	at org.apache.catalina.core.ApplicationFilterChain.doFilter(ApplicationFilterChain.java:206)
	at org.apache.catalina.core.StandardWrapperValve.invoke(StandardWrapperValve.java:233)
	at org.apache.catalina.core.StandardContextValve.invoke(StandardContextValve.java:191)
	at org.apache.catalina.core.StandardHostValve.invoke(StandardHostValve.java:127)
	at org.apache.catalina.valves.ErrorReportValve.invoke(ErrorReportValve.java:102)
	at org.apache.catalina.core.StandardEngineValve.invoke(StandardEngineValve.java:109)
	at org.apache.catalina.connector.CoyoteAdapter.service(CoyoteAdapter.java:298)
	at org.apache.coyote.http11.Http11Processor.process(Http11Processor.java:852)
	at org.apache.coyote.http11.Http11Protocol$Http11ConnectionHandler.process(Http11Protocol.java:588)
	at org.apache.tomcat.util.net.JIoEndpoint$Worker.run(JIoEndpoint.java:489)
	at java.lang.Thread.run(Thread.java:619)
2011-07-05 12:50:08,568 INFO  org.apache.commons.httpclient.HttpMethodBase :1743 - Discarding unexpected response: HTTP/1.1 100 Continue
2011-07-05 12:50:08,568 INFO  org.apache.axis2.transport.http.HTTPSender :192 - Unable to sendViaPost to url[http://localhost/stock-symbol-service/services/StockSymbolService]
org.apache.axis2.AxisFault: Transport error: 405 Error: Method not allowed
	at org.apache.axis2.transport.http.HTTPSender.handleResponse(HTTPSender.java:296)
	at org.apache.axis2.transport.http.HTTPSender.sendViaPost(HTTPSender.java:190)
	at org.apache.axis2.transport.http.HTTPSender.send(HTTPSender.java:75)
	at org.apache.axis2.transport.http.CommonsHTTPTransportSender.writeMessageWithCommons(CommonsHTTPTransportSender.java:364)
	at org.apache.axis2.transport.http.CommonsHTTPTransportSender.invoke(CommonsHTTPTransportSender.java:208)
	at org.apache.axis2.engine.AxisEngine.send(AxisEngine.java:448)
	at org.apache.axis2.description.OutInAxisOperationClient.send(OutInAxisOperation.java:401)
	at org.apache.axis2.description.OutInAxisOperationClient.executeImpl(OutInAxisOperation.java:228)
	at org.apache.axis2.client.OperationClient.execute(OperationClient.java:163)
	at service.StockSymbolServiceStub.findCompany(StockSymbolServiceStub.java:198)
	at client.StockSymbolClient.findCompany(StockSymbolClient.java:40)
	at client.StockSymbolServlet.doGet(StockSymbolServlet.java:22)
	at javax.servlet.http.HttpServlet.service(HttpServlet.java:617)
	at javax.servlet.http.HttpServlet.service(HttpServlet.java:717)
	at org.apache.catalina.core.ApplicationFilterChain.internalDoFilter(ApplicationFilterChain.java:290)
	at org.apache.catalina.core.ApplicationFilterChain.doFilter(ApplicationFilterChain.java:206)
	at org.apache.catalina.core.StandardWrapperValve.invoke(StandardWrapperValve.java:233)
	at org.apache.catalina.core.StandardContextValve.invoke(StandardContextValve.java:191)
	at org.apache.catalina.core.StandardHostValve.invoke(StandardHostValve.java:127)
	at org.apache.catalina.valves.ErrorReportValve.invoke(ErrorReportValve.java:102)
	at org.apache.catalina.core.StandardEngineValve.invoke(StandardEngineValve.java:109)
	at org.apache.catalina.connector.CoyoteAdapter.service(CoyoteAdapter.java:298)
	at org.apache.coyote.http11.Http11Processor.process(Http11Processor.java:852)
	at org.apache.coyote.http11.Http11Protocol$Http11ConnectionHandler.process(Http11Protocol.java:588)
	at org.apache.tomcat.util.net.JIoEndpoint$Worker.run(JIoEndpoint.java:489)
	at java.lang.Thread.run(Thread.java:619)
2011-07-05 12:50:16,802 INFO  org.apache.commons.httpclient.HttpMethodBase :1743 - Discarding unexpected response: HTTP/1.1 100 Continue
2011-07-05 12:50:16,817 INFO  org.apache.axis2.transport.http.HTTPSender :192 - Unable to sendViaPost to url[http://localhost/stock-symbol-service/services/StockSymbolService]
org.apache.axis2.AxisFault: Transport error: 405 Error: Method not allowed
	at org.apache.axis2.transport.http.HTTPSender.handleResponse(HTTPSender.java:296)
	at org.apache.axis2.transport.http.HTTPSender.sendViaPost(HTTPSender.java:190)
	at org.apache.axis2.transport.http.HTTPSender.send(HTTPSender.java:75)
	at org.apache.axis2.transport.http.CommonsHTTPTransportSender.writeMessageWithCommons(CommonsHTTPTransportSender.java:364)
	at org.apache.axis2.transport.http.CommonsHTTPTransportSender.invoke(CommonsHTTPTransportSender.java:208)
	at org.apache.axis2.engine.AxisEngine.send(AxisEngine.java:448)
	at org.apache.axis2.description.OutInAxisOperationClient.send(OutInAxisOperation.java:401)
	at org.apache.axis2.description.OutInAxisOperationClient.executeImpl(OutInAxisOperation.java:228)
	at org.apache.axis2.client.OperationClient.execute(OperationClient.java:163)
	at service.StockSymbolServiceStub.findCompany(StockSymbolServiceStub.java:198)
	at client.StockSymbolClient.findCompany(StockSymbolClient.java:40)
	at client.StockSymbolServlet.doGet(StockSymbolServlet.java:22)
	at javax.servlet.http.HttpServlet.service(HttpServlet.java:617)
	at javax.servlet.http.HttpServlet.service(HttpServlet.java:717)
	at org.apache.catalina.core.ApplicationFilterChain.internalDoFilter(ApplicationFilterChain.java:290)
	at org.apache.catalina.core.ApplicationFilterChain.doFilter(ApplicationFilterChain.java:206)
	at org.apache.catalina.core.StandardWrapperValve.invoke(StandardWrapperValve.java:233)
	at org.apache.catalina.core.StandardContextValve.invoke(StandardContextValve.java:191)
	at org.apache.catalina.core.StandardHostValve.invoke(StandardHostValve.java:127)
	at org.apache.catalina.valves.ErrorReportValve.invoke(ErrorReportValve.java:102)
	at org.apache.catalina.core.StandardEngineValve.invoke(StandardEngineValve.java:109)
	at org.apache.catalina.connector.CoyoteAdapter.service(CoyoteAdapter.java:298)
	at org.apache.coyote.http11.Http11Processor.process(Http11Processor.java:852)
	at org.apache.coyote.http11.Http11Protocol$Http11ConnectionHandler.process(Http11Protocol.java:588)
	at org.apache.tomcat.util.net.JIoEndpoint$Worker.run(JIoEndpoint.java:489)
	at java.lang.Thread.run(Thread.java:619)
2011-07-05 15:22:44,896 INFO  org.apache.axis2.deployment.ModuleDeployer :75 - Deploying module: addressing-1.4 - file:/D:/Tomcat_6_0_26/webapps/ssc/WEB-INF/modules/addressing-1.4.mar
2011-07-05 15:22:44,990 INFO  org.apache.axis2.deployment.ModuleDeployer :75 - Deploying module: metadataExchange-1.4 - file:/D:/Tomcat_6_0_26/webapps/ssc/WEB-INF/modules/mex-1.4.mar
2011-07-05 15:22:45,036 INFO  org.apache.axis2.deployment.ModuleDeployer :75 - Deploying module: ping-1.4 - file:/D:/Tomcat_6_0_26/webapps/ssc/WEB-INF/modules/ping-1.4.mar
2011-07-05 15:22:45,099 INFO  org.apache.axis2.deployment.ModuleDeployer :75 - Deploying module: script-1.4 - file:/D:/Tomcat_6_0_26/webapps/ssc/WEB-INF/modules/scripting-1.4.mar
2011-07-05 15:22:45,130 INFO  org.apache.axis2.deployment.ModuleDeployer :75 - Deploying module: smtpfault - file:/D:/Tomcat_6_0_26/webapps/ssc/WEB-INF/modules/smtpfault.mar
2011-07-05 15:22:45,193 INFO  org.apache.axis2.deployment.ModuleDeployer :75 - Deploying module: soapmonitor-1.4 - file:/D:/Tomcat_6_0_26/webapps/ssc/WEB-INF/modules/soapmonitor-1.4.mar
2011-07-05 15:22:46,599 INFO  org.apache.axis2.deployment.ServiceDeployer :91 - Deploying Web service: version.aar - file:/D:/Tomcat_6_0_26/webapps/ssc/WEB-INF/services/version.aar
2011-07-05 15:22:49,630 INFO  org.apache.axis2.deployment.ModuleDeployer :75 - Deploying module: addressing-1.4 - file:/D:/Tomcat_6_0_26/webapps/sss/WEB-INF/modules/addressing-1.4.mar
2011-07-05 15:22:49,693 INFO  org.apache.axis2.deployment.ModuleDeployer :75 - Deploying module: metadataExchange-1.4 - file:/D:/Tomcat_6_0_26/webapps/sss/WEB-INF/modules/mex-1.4.mar
2011-07-05 15:22:49,724 INFO  org.apache.axis2.deployment.ModuleDeployer :75 - Deploying module: ping-1.4 - file:/D:/Tomcat_6_0_26/webapps/sss/WEB-INF/modules/ping-1.4.mar
2011-07-05 15:22:49,755 INFO  org.apache.axis2.deployment.ModuleDeployer :75 - Deploying module: script-1.4 - file:/D:/Tomcat_6_0_26/webapps/sss/WEB-INF/modules/scripting-1.4.mar
2011-07-05 15:22:49,771 INFO  org.apache.axis2.deployment.ModuleDeployer :75 - Deploying module: smtpfault - file:/D:/Tomcat_6_0_26/webapps/sss/WEB-INF/modules/smtpfault.mar
2011-07-05 15:22:49,818 INFO  org.apache.axis2.deployment.ModuleDeployer :75 - Deploying module: soapmonitor-1.4 - file:/D:/Tomcat_6_0_26/webapps/sss/WEB-INF/modules/soapmonitor-1.4.mar
2011-07-05 15:22:50,333 INFO  org.apache.axis2.deployment.ServiceDeployer :91 - Deploying Web service: StockSymbolService - file:/D:/Tomcat_6_0_26/webapps/sss/WEB-INF/services/StockSymbolService/
2011-07-05 15:22:50,396 INFO  org.apache.axis2.deployment.ServiceDeployer :91 - Deploying Web service: version.aar - file:/D:/Tomcat_6_0_26/webapps/sss/WEB-INF/services/version.aar
2011-07-05 15:39:41,220 INFO  org.apache.commons.httpclient.HttpMethodBase :1743 - Discarding unexpected response: HTTP/1.1 100 Continue
2011-07-05 15:39:41,798 INFO  org.apache.axis2.transport.http.HTTPSender :192 - Unable to sendViaPost to url[http://localhost/stock-symbol-service/services/StockSymbolService]
org.apache.axis2.AxisFault: Transport error: 405 Error: Method not allowed
	at org.apache.axis2.transport.http.HTTPSender.handleResponse(HTTPSender.java:296)
	at org.apache.axis2.transport.http.HTTPSender.sendViaPost(HTTPSender.java:190)
	at org.apache.axis2.transport.http.HTTPSender.send(HTTPSender.java:75)
	at org.apache.axis2.transport.http.CommonsHTTPTransportSender.writeMessageWithCommons(CommonsHTTPTransportSender.java:364)
	at org.apache.axis2.transport.http.CommonsHTTPTransportSender.invoke(CommonsHTTPTransportSender.java:208)
	at org.apache.axis2.engine.AxisEngine.send(AxisEngine.java:448)
	at org.apache.axis2.description.OutInAxisOperationClient.send(OutInAxisOperation.java:401)
	at org.apache.axis2.description.OutInAxisOperationClient.executeImpl(OutInAxisOperation.java:228)
	at org.apache.axis2.client.OperationClient.execute(OperationClient.java:163)
	at service.StockSymbolServiceStub.findCompany(StockSymbolServiceStub.java:198)
	at client.StockSymbolClient.findCompany(StockSymbolClient.java:40)
	at client.StockSymbolServlet.doGet(StockSymbolServlet.java:22)
	at javax.servlet.http.HttpServlet.service(HttpServlet.java:617)
	at javax.servlet.http.HttpServlet.service(HttpServlet.java:717)
	at org.apache.catalina.core.ApplicationFilterChain.internalDoFilter(ApplicationFilterChain.java:290)
	at org.apache.catalina.core.ApplicationFilterChain.doFilter(ApplicationFilterChain.java:206)
	at org.apache.catalina.core.StandardWrapperValve.invoke(StandardWrapperValve.java:233)
	at org.apache.catalina.core.StandardContextValve.invoke(StandardContextValve.java:191)
	at org.apache.catalina.core.StandardHostValve.invoke(StandardHostValve.java:127)
	at org.apache.catalina.valves.ErrorReportValve.invoke(ErrorReportValve.java:102)
	at org.apache.catalina.core.StandardEngineValve.invoke(StandardEngineValve.java:109)
	at org.apache.catalina.connector.CoyoteAdapter.service(CoyoteAdapter.java:298)
	at org.apache.coyote.http11.Http11Processor.process(Http11Processor.java:852)
	at org.apache.coyote.http11.Http11Protocol$Http11ConnectionHandler.process(Http11Protocol.java:588)
	at org.apache.tomcat.util.net.JIoEndpoint$Worker.run(JIoEndpoint.java:489)
	at java.lang.Thread.run(Thread.java:619)
2011-07-05 15:39:53,454 INFO  org.apache.commons.httpclient.HttpMethodBase :1743 - Discarding unexpected response: HTTP/1.1 100 Continue
2011-07-05 15:39:53,470 INFO  org.apache.axis2.transport.http.HTTPSender :192 - Unable to sendViaPost to url[http://localhost/stock-symbol-service/services/StockSymbolService]
org.apache.axis2.AxisFault: Transport error: 405 Error: Method not allowed
	at org.apache.axis2.transport.http.HTTPSender.handleResponse(HTTPSender.java:296)
	at org.apache.axis2.transport.http.HTTPSender.sendViaPost(HTTPSender.java:190)
	at org.apache.axis2.transport.http.HTTPSender.send(HTTPSender.java:75)
	at org.apache.axis2.transport.http.CommonsHTTPTransportSender.writeMessageWithCommons(CommonsHTTPTransportSender.java:364)
	at org.apache.axis2.transport.http.CommonsHTTPTransportSender.invoke(CommonsHTTPTransportSender.java:208)
	at org.apache.axis2.engine.AxisEngine.send(AxisEngine.java:448)
	at org.apache.axis2.description.OutOnlyAxisOperationClient.executeImpl(OutOnlyAxisOperation.java:272)
	at org.apache.axis2.client.OperationClient.execute(OperationClient.java:163)
	at service.StockSymbolServiceStub.updateCompany(StockSymbolServiceStub.java:456)
	at client.StockSymbolClient.updateCompany(StockSymbolClient.java:52)
	at client.UpdateServlet.doGet(UpdateServlet.java:24)
	at javax.servlet.http.HttpServlet.service(HttpServlet.java:617)
	at javax.servlet.http.HttpServlet.service(HttpServlet.java:717)
	at org.apache.catalina.core.ApplicationFilterChain.internalDoFilter(ApplicationFilterChain.java:290)
	at org.apache.catalina.core.ApplicationFilterChain.doFilter(ApplicationFilterChain.java:206)
	at org.apache.catalina.core.StandardWrapperValve.invoke(StandardWrapperValve.java:233)
	at org.apache.catalina.core.StandardContextValve.invoke(StandardContextValve.java:191)
	at org.apache.catalina.core.StandardHostValve.invoke(StandardHostValve.java:127)
	at org.apache.catalina.valves.ErrorReportValve.invoke(ErrorReportValve.java:102)
	at org.apache.catalina.core.StandardEngineValve.invoke(StandardEngineValve.java:109)
	at org.apache.catalina.connector.CoyoteAdapter.service(CoyoteAdapter.java:298)
	at org.apache.coyote.http11.Http11Processor.process(Http11Processor.java:852)
	at org.apache.coyote.http11.Http11Protocol$Http11ConnectionHandler.process(Http11Protocol.java:588)
	at org.apache.tomcat.util.net.JIoEndpoint$Worker.run(JIoEndpoint.java:489)
	at java.lang.Thread.run(Thread.java:619)
2011-07-05 17:03:06,741 INFO  org.apache.axis2.deployment.ModuleDeployer :75 - Deploying module: addressing-1.4 - file:/D:/Tomcat_6_0_26/webapps/ssc/WEB-INF/modules/addressing-1.4.mar
2011-07-05 17:03:06,850 INFO  org.apache.axis2.deployment.ModuleDeployer :75 - Deploying module: metadataExchange-1.4 - file:/D:/Tomcat_6_0_26/webapps/ssc/WEB-INF/modules/mex-1.4.mar
2011-07-05 17:03:06,882 INFO  org.apache.axis2.deployment.ModuleDeployer :75 - Deploying module: ping-1.4 - file:/D:/Tomcat_6_0_26/webapps/ssc/WEB-INF/modules/ping-1.4.mar
2011-07-05 17:03:06,944 INFO  org.apache.axis2.deployment.ModuleDeployer :75 - Deploying module: script-1.4 - file:/D:/Tomcat_6_0_26/webapps/ssc/WEB-INF/modules/scripting-1.4.mar
2011-07-05 17:03:06,975 INFO  org.apache.axis2.deployment.ModuleDeployer :75 - Deploying module: smtpfault - file:/D:/Tomcat_6_0_26/webapps/ssc/WEB-INF/modules/smtpfault.mar
2011-07-05 17:03:07,038 INFO  org.apache.axis2.deployment.ModuleDeployer :75 - Deploying module: soapmonitor-1.4 - file:/D:/Tomcat_6_0_26/webapps/ssc/WEB-INF/modules/soapmonitor-1.4.mar
2011-07-05 17:03:08,225 INFO  org.apache.axis2.deployment.ServiceDeployer :91 - Deploying Web service: version.aar - file:/D:/Tomcat_6_0_26/webapps/ssc/WEB-INF/services/version.aar
2011-07-05 17:03:10,897 INFO  org.apache.axis2.deployment.ModuleDeployer :75 - Deploying module: addressing-1.4 - file:/D:/Tomcat_6_0_26/webapps/sss/WEB-INF/modules/addressing-1.4.mar
2011-07-05 17:03:10,960 INFO  org.apache.axis2.deployment.ModuleDeployer :75 - Deploying module: metadataExchange-1.4 - file:/D:/Tomcat_6_0_26/webapps/sss/WEB-INF/modules/mex-1.4.mar
2011-07-05 17:03:10,991 INFO  org.apache.axis2.deployment.ModuleDeployer :75 - Deploying module: ping-1.4 - file:/D:/Tomcat_6_0_26/webapps/sss/WEB-INF/modules/ping-1.4.mar
2011-07-05 17:03:11,038 INFO  org.apache.axis2.deployment.ModuleDeployer :75 - Deploying module: script-1.4 - file:/D:/Tomcat_6_0_26/webapps/sss/WEB-INF/modules/scripting-1.4.mar
2011-07-05 17:03:11,069 INFO  org.apache.axis2.deployment.ModuleDeployer :75 - Deploying module: smtpfault - file:/D:/Tomcat_6_0_26/webapps/sss/WEB-INF/modules/smtpfault.mar
2011-07-05 17:03:11,101 INFO  org.apache.axis2.deployment.ModuleDeployer :75 - Deploying module: soapmonitor-1.4 - file:/D:/Tomcat_6_0_26/webapps/sss/WEB-INF/modules/soapmonitor-1.4.mar
2011-07-05 17:03:11,616 INFO  org.apache.axis2.deployment.ServiceDeployer :91 - Deploying Web service: StockSymbolService - file:/D:/Tomcat_6_0_26/webapps/sss/WEB-INF/services/StockSymbolService/
2011-07-05 17:03:11,663 INFO  org.apache.axis2.deployment.ServiceDeployer :91 - Deploying Web service: version.aar - file:/D:/Tomcat_6_0_26/webapps/sss/WEB-INF/services/version.aar
2011-07-05 17:05:21,931 INFO  coreservlets.HelloServlet3 :25 - invoked the LoggingServlet..........
2011-07-05 17:08:34,871 INFO  coreservlets.HelloServlet3 :25 - invoked the LoggingServlet..........
2011-07-05 17:08:34,871 INFO  coreservlets.HelloServlet3 :44 - end..........
2011-07-05 17:10:47,403 INFO  coreservlets.HelloServlet3 :25 - invoked the LoggingServlet..........
2011-07-05 17:10:47,403 INFO  coreservlets.HelloServlet3 :44 - end..........
2011-07-05 17:15:21,153 INFO  coreservlets.HelloServlet3 :25 - invoked the LoggingServlet..........
2011-07-05 17:15:21,153 INFO  coreservlets.HelloServlet3 :44 - end..........
2011-07-05 17:22:08,589 INFO  coreservlets.HelloServlet3 :25 - invoked the LoggingServlet..........
2011-07-05 17:22:08,589 INFO  coreservlets.HelloServlet3 :44 - end..........
2011-07-05 17:50:02,453 INFO  coreservlets.HelloServlet3 :25 - invoked the LoggingServlet..........
2011-07-05 17:50:02,453 INFO  coreservlets.HelloServlet3 :45 - end..........
2011-07-05 17:50:15,922 INFO  coreservlets.HelloServlet3 :25 - invoked the LoggingServlet..........
2011-07-05 17:50:15,922 INFO  coreservlets.HelloServlet3 :45 - end..........
2011-07-05 17:51:38,327 INFO  coreservlets.HelloServlet3 :25 - invoked the LoggingServlet..........
2011-07-05 17:51:38,327 INFO  coreservlets.HelloServlet3 :45 - end..........
2011-07-05 17:52:11,577 INFO  coreservlets.HelloServlet3 :25 - invoked the LoggingServlet..........
2011-07-05 17:52:11,577 INFO  coreservlets.HelloServlet3 :45 - end..........
2011-07-05 18:03:23,920 INFO  coreservlets.HelloServlet3 :25 - invoked the LoggingServlet..........
2011-07-05 18:03:23,935 INFO  coreservlets.HelloServlet3 :45 - end..........
2011-07-05 18:05:04,372 INFO  coreservlets.HelloServlet3 :25 - invoked the LoggingServlet..........
2011-07-05 18:05:04,388 INFO  coreservlets.HelloServlet3 :31 - http://192.168.1.63:8201/intro/seep
2011-07-05 18:05:04,388 INFO  coreservlets.HelloServlet3 :32 - pid=5
2011-07-05 18:05:04,388 INFO  coreservlets.HelloServlet3 :49 - end..........
2011-07-05 18:15:30,464 INFO  coreservlets.HelloServlet3 :25 - invoked the LoggingServlet..........
2011-07-05 18:15:30,464 INFO  coreservlets.HelloServlet3 :31 - http://192.168.1.63:8201/intro/seep
2011-07-05 18:15:30,464 INFO  coreservlets.HelloServlet3 :32 - pid=666
2011-07-05 18:15:30,464 INFO  coreservlets.HelloServlet3 :49 - end..........
2011-07-05 18:35:14,290 INFO  coreservlets.HelloServlet3 :25 - invoked the LoggingServlet..........
2011-07-05 18:35:14,290 INFO  coreservlets.HelloServlet3 :31 - http://192.168.1.63:8201/intro/seep
2011-07-05 18:35:14,290 INFO  coreservlets.HelloServlet3 :32 - pid=123
2011-07-05 18:35:14,290 INFO  coreservlets.HelloServlet3 :49 - end..........
2011-07-05 18:38:55,304 INFO  org.apache.struts.util.PropertyMessageResources :127 - Initializing, config='org.apache.struts.util.LocalStrings', returnNull=true
2011-07-05 18:38:55,320 INFO  org.apache.struts.util.PropertyMessageResources :127 - Initializing, config='org.apache.struts.action.ActionResources', returnNull=true
2011-07-05 18:38:55,632 INFO  org.apache.struts.util.PropertyMessageResources :127 - Initializing, config='resources.Application', returnNull=true
2011-07-05 18:38:56,523 INFO  org.hibernate.cfg.annotations.Version :15 - Hibernate Annotations 3.4.0.GA
2011-07-05 18:38:56,695 INFO  org.hibernate.cfg.Environment :543 - Hibernate 3.3.0.SP1
2011-07-05 18:38:56,710 INFO  org.hibernate.cfg.Environment :576 - hibernate.properties not found
2011-07-05 18:38:56,726 INFO  org.hibernate.cfg.Environment :709 - Bytecode provider name : javassist
2011-07-05 18:38:56,851 INFO  org.hibernate.cfg.Environment :627 - using JDK 1.4 java.sql.Timestamp handling
2011-07-05 18:38:58,116 INFO  org.hibernate.annotations.common.Version :14 - Hibernate Commons Annotations 3.1.0.GA
2011-07-05 18:38:58,195 INFO  org.hibernate.ejb.Version :15 - Hibernate EntityManager 3.3.1.GA
2011-07-05 18:39:12,632 INFO  org.hibernate.cfg.AnnotationBinder :419 - Binding entity from annotated class: com.mycove.vo.Building
2011-07-05 18:39:13,054 INFO  org.hibernate.cfg.annotations.EntityBinder :422 - Bind entity com.mycove.vo.Building on table building_master
2011-07-05 18:39:14,069 INFO  org.hibernate.cfg.AnnotationBinder :419 - Binding entity from annotated class: com.mycove.vo.TenantPrivilege
2011-07-05 18:39:14,085 INFO  org.hibernate.cfg.annotations.EntityBinder :422 - Bind entity com.mycove.vo.TenantPrivilege on table tenant_privilege
2011-07-05 18:39:14,085 INFO  org.hibernate.cfg.AnnotationBinder :419 - Binding entity from annotated class: com.mycove.vo.Code
2011-07-05 18:39:14,085 INFO  org.hibernate.cfg.annotations.EntityBinder :422 - Bind entity com.mycove.vo.Code on table code_master
2011-07-05 18:39:14,085 INFO  org.hibernate.cfg.AnnotationBinder :419 - Binding entity from annotated class: com.mycove.vo.Property
2011-07-05 18:39:14,085 INFO  org.hibernate.cfg.annotations.EntityBinder :422 - Bind entity com.mycove.vo.Property on table property_master
2011-07-05 18:39:14,101 INFO  org.hibernate.cfg.AnnotationBinder :419 - Binding entity from annotated class: com.mycove.vo.EmployeePrivilege
2011-07-05 18:39:14,101 INFO  org.hibernate.cfg.annotations.EntityBinder :422 - Bind entity com.mycove.vo.EmployeePrivilege on table employee_privilege
2011-07-05 18:39:14,101 INFO  org.hibernate.cfg.AnnotationBinder :419 - Binding entity from annotated class: com.mycove.vo.MaintenanceRequest
2011-07-05 18:39:14,101 INFO  org.hibernate.cfg.annotations.EntityBinder :422 - Bind entity com.mycove.vo.MaintenanceRequest on table maintenance_request
2011-07-05 18:39:14,116 INFO  org.hibernate.cfg.AnnotationBinder :419 - Binding entity from annotated class: com.mycove.vo.MessageTemplate
2011-07-05 18:39:14,116 INFO  org.hibernate.cfg.annotations.EntityBinder :422 - Bind entity com.mycove.vo.MessageTemplate on table message_template
2011-07-05 18:39:14,116 INFO  org.hibernate.cfg.AnnotationBinder :419 - Binding entity from annotated class: com.mycove.vo.SurveyOptions
2011-07-05 18:39:14,116 INFO  org.hibernate.cfg.annotations.EntityBinder :422 - Bind entity com.mycove.vo.SurveyOptions on table survey_options
2011-07-05 18:39:14,132 INFO  org.hibernate.cfg.AnnotationBinder :419 - Binding entity from annotated class: com.mycove.vo.UserProperty
2011-07-05 18:39:14,132 INFO  org.hibernate.cfg.annotations.EntityBinder :422 - Bind entity com.mycove.vo.UserProperty on table user_property
2011-07-05 18:39:14,132 INFO  org.hibernate.cfg.AnnotationBinder :419 - Binding entity from annotated class: com.mycove.vo.CustomerProperty
2011-07-05 18:39:14,132 INFO  org.hibernate.cfg.annotations.EntityBinder :422 - Bind entity com.mycove.vo.CustomerProperty on table customer_property
2011-07-05 18:39:14,132 INFO  org.hibernate.cfg.AnnotationBinder :419 - Binding entity from annotated class: com.mycove.vo.User
2011-07-05 18:39:14,132 INFO  org.hibernate.cfg.annotations.EntityBinder :422 - Bind entity com.mycove.vo.User on table mycove_user
2011-07-05 18:39:14,148 INFO  org.hibernate.cfg.AnnotationBinder :419 - Binding entity from annotated class: com.mycove.vo.Customer
2011-07-05 18:39:14,148 INFO  org.hibernate.cfg.annotations.EntityBinder :422 - Bind entity com.mycove.vo.Customer on table customer
2011-07-05 18:39:14,163 INFO  org.hibernate.cfg.AnnotationBinder :419 - Binding entity from annotated class: com.mycove.vo.Apartment
2011-07-05 18:39:14,163 INFO  org.hibernate.cfg.annotations.EntityBinder :422 - Bind entity com.mycove.vo.Apartment on table apartment_master
2011-07-05 18:39:14,163 INFO  org.hibernate.cfg.AnnotationBinder :419 - Binding entity from annotated class: com.mycove.vo.Package
2011-07-05 18:39:14,163 INFO  org.hibernate.cfg.annotations.EntityBinder :422 - Bind entity com.mycove.vo.Package on table package
2011-07-05 18:39:14,179 INFO  org.hibernate.cfg.AnnotationBinder :419 - Binding entity from annotated class: com.mycove.vo.CodeDetail
2011-07-05 18:39:14,179 INFO  org.hibernate.cfg.annotations.EntityBinder :422 - Bind entity com.mycove.vo.CodeDetail on table code_detail
2011-07-05 18:39:14,179 INFO  org.hibernate.cfg.AnnotationBinder :419 - Binding entity from annotated class: com.mycove.vo.MessageCC
2011-07-05 18:39:14,194 INFO  org.hibernate.cfg.annotations.EntityBinder :422 - Bind entity com.mycove.vo.MessageCC on table messages_cc
2011-07-05 18:39:14,194 INFO  org.hibernate.cfg.AnnotationBinder :419 - Binding entity from annotated class: com.mycove.vo.Employee
2011-07-05 18:39:14,194 INFO  org.hibernate.cfg.annotations.EntityBinder :422 - Bind entity com.mycove.vo.Employee on table employee
2011-07-05 18:39:14,819 INFO  org.hibernate.cfg.AnnotationBinder :419 - Binding entity from annotated class: com.mycove.vo.Tenant
2011-07-05 18:39:14,835 INFO  org.hibernate.cfg.annotations.EntityBinder :422 - Bind entity com.mycove.vo.Tenant on table tenant
2011-07-05 18:39:14,835 INFO  org.hibernate.cfg.AnnotationBinder :419 - Binding entity from annotated class: com.mycove.vo.Messages
2011-07-05 18:39:14,835 INFO  org.hibernate.cfg.annotations.EntityBinder :422 - Bind entity com.mycove.vo.Messages on table messages
2011-07-05 18:39:14,835 INFO  org.hibernate.cfg.AnnotationBinder :419 - Binding entity from annotated class: com.mycove.vo.MessagesTo
2011-07-05 18:39:14,835 INFO  org.hibernate.cfg.annotations.EntityBinder :422 - Bind entity com.mycove.vo.MessagesTo on table messages_to
2011-07-05 18:39:14,851 INFO  org.hibernate.cfg.AnnotationBinder :419 - Binding entity from annotated class: com.mycove.vo.Role
2011-07-05 18:39:14,851 INFO  org.hibernate.cfg.annotations.EntityBinder :422 - Bind entity com.mycove.vo.Role on table role_master
2011-07-05 18:39:14,851 INFO  org.hibernate.cfg.AnnotationBinder :419 - Binding entity from annotated class: com.mycove.vo.Privilege
2011-07-05 18:39:14,851 INFO  org.hibernate.cfg.annotations.EntityBinder :422 - Bind entity com.mycove.vo.Privilege on table privilege_master
2011-07-05 18:39:14,851 INFO  org.hibernate.cfg.AnnotationBinder :419 - Binding entity from annotated class: com.mycove.vo.SurveyResults
2011-07-05 18:39:14,851 INFO  org.hibernate.cfg.annotations.EntityBinder :422 - Bind entity com.mycove.vo.SurveyResults on table survey_results
2011-07-05 18:39:14,851 INFO  org.hibernate.cfg.AnnotationBinder :419 - Binding entity from annotated class: com.mycove.vo.Survey
2011-07-05 18:39:14,851 INFO  org.hibernate.cfg.annotations.EntityBinder :422 - Bind entity com.mycove.vo.Survey on table survey
2011-07-05 18:39:14,866 INFO  org.hibernate.cfg.AnnotationBinder :419 - Binding entity from annotated class: com.mycove.vo.RolePrivilege
2011-07-05 18:39:14,866 INFO  org.hibernate.cfg.annotations.EntityBinder :422 - Bind entity com.mycove.vo.RolePrivilege on table role_privilege
2011-07-05 18:39:14,866 INFO  org.hibernate.cfg.AnnotationBinder :419 - Binding entity from annotated class: com.mycove.dto.EmployeeDTO
2011-07-05 18:39:14,866 INFO  org.hibernate.cfg.annotations.EntityBinder :422 - Bind entity com.mycove.dto.EmployeeDTO on table EmployeeDTO
2011-07-05 18:39:14,866 INFO  org.hibernate.cfg.AnnotationBinder :419 - Binding entity from annotated class: com.mycove.dto.BuildingDTO
2011-07-05 18:39:14,866 INFO  org.hibernate.cfg.annotations.EntityBinder :422 - Bind entity com.mycove.dto.BuildingDTO on table BuildingDTO
2011-07-05 18:39:14,866 INFO  org.hibernate.cfg.AnnotationBinder :419 - Binding entity from annotated class: com.mycove.dto.MaintenanceRequestDTO
2011-07-05 18:39:14,866 INFO  org.hibernate.cfg.annotations.EntityBinder :422 - Bind entity com.mycove.dto.MaintenanceRequestDTO on table MaintenanceRequestDTO
2011-07-05 18:39:14,882 INFO  org.hibernate.cfg.AnnotationBinder :419 - Binding entity from annotated class: com.mycove.dto.PropertyDTO
2011-07-05 18:39:14,882 INFO  org.hibernate.cfg.annotations.EntityBinder :422 - Bind entity com.mycove.dto.PropertyDTO on table PropertyDTO
2011-07-05 18:39:14,882 INFO  org.hibernate.cfg.AnnotationBinder :419 - Binding entity from annotated class: com.mycove.dto.NotificationDTO
2011-07-05 18:39:14,882 INFO  org.hibernate.cfg.annotations.EntityBinder :422 - Bind entity com.mycove.dto.NotificationDTO on table NotificationDTO
2011-07-05 18:39:14,882 INFO  org.hibernate.cfg.AnnotationBinder :419 - Binding entity from annotated class: com.mycove.dto.PackageDTO
2011-07-05 18:39:14,882 INFO  org.hibernate.cfg.annotations.EntityBinder :422 - Bind entity com.mycove.dto.PackageDTO on table PackageDTO
2011-07-05 18:39:14,882 INFO  org.hibernate.cfg.AnnotationBinder :419 - Binding entity from annotated class: com.mycove.dto.MaintenanceDTO
2011-07-05 18:39:14,898 INFO  org.hibernate.cfg.annotations.EntityBinder :422 - Bind entity com.mycove.dto.MaintenanceDTO on table MaintenanceDTO
2011-07-05 18:39:14,898 INFO  org.hibernate.cfg.AnnotationBinder :419 - Binding entity from annotated class: com.mycove.dto.ResidentDTO
2011-07-05 18:39:14,898 INFO  org.hibernate.cfg.annotations.EntityBinder :422 - Bind entity com.mycove.dto.ResidentDTO on table ResidentDTO
2011-07-05 18:39:14,898 INFO  org.hibernate.cfg.AnnotationBinder :419 - Binding entity from annotated class: com.mycove.dto.MessageTemplateDTO
2011-07-05 18:39:14,898 INFO  org.hibernate.cfg.annotations.EntityBinder :422 - Bind entity com.mycove.dto.MessageTemplateDTO on table MessageTemplateDTO
2011-07-05 18:39:14,898 INFO  org.hibernate.cfg.AnnotationBinder :419 - Binding entity from annotated class: com.mycove.dto.SurveyDTO
2011-07-05 18:39:14,898 INFO  org.hibernate.cfg.annotations.EntityBinder :422 - Bind entity com.mycove.dto.SurveyDTO on table SurveyDTO
2011-07-05 18:39:16,491 INFO  org.hibernate.cfg.annotations.CollectionBinder :650 - Mapping collection: com.mycove.vo.Building.apartments -> apartment_master
2011-07-05 18:39:16,491 INFO  org.hibernate.cfg.annotations.CollectionBinder :650 - Mapping collection: com.mycove.vo.Code.codeDetails -> code_detail
2011-07-05 18:39:16,491 INFO  org.hibernate.cfg.annotations.CollectionBinder :650 - Mapping collection: com.mycove.vo.SurveyOptions.surveyResultses -> survey_results
2011-07-05 18:39:16,491 INFO  org.hibernate.cfg.annotations.CollectionBinder :650 - Mapping collection: com.mycove.vo.User.messageCCs -> messages_cc
2011-07-05 18:39:16,507 INFO  org.hibernate.cfg.annotations.CollectionBinder :650 - Mapping collection: com.mycove.vo.User.messagesTos -> messages_to
2011-07-05 18:39:16,507 INFO  org.hibernate.cfg.annotations.CollectionBinder :650 - Mapping collection: com.mycove.vo.User.messageses -> messages
2011-07-05 18:39:16,507 INFO  org.hibernate.cfg.annotations.CollectionBinder :650 - Mapping collection: com.mycove.vo.User.surveyResultses -> survey_results
2011-07-05 18:39:16,507 INFO  org.hibernate.cfg.annotations.CollectionBinder :650 - Mapping collection: com.mycove.vo.User.userProperties -> user_property
2011-07-05 18:39:16,507 INFO  org.hibernate.cfg.annotations.CollectionBinder :650 - Mapping collection: com.mycove.vo.Customer.customerProperties -> customer_property
2011-07-05 18:39:16,507 INFO  org.hibernate.cfg.annotations.CollectionBinder :650 - Mapping collection: com.mycove.vo.Apartment.maintenanceRequests -> maintenance_request
2011-07-05 18:39:16,507 INFO  org.hibernate.cfg.annotations.CollectionBinder :650 - Mapping collection: com.mycove.vo.Apartment.packages -> package
2011-07-05 18:39:16,507 INFO  org.hibernate.cfg.annotations.CollectionBinder :650 - Mapping collection: com.mycove.vo.Apartment.resident -> tenant
2011-07-05 18:39:16,507 INFO  org.hibernate.cfg.annotations.CollectionBinder :650 - Mapping collection: com.mycove.vo.Employee.employeePrivileges -> employee_privilege
2011-07-05 18:39:16,507 INFO  org.hibernate.cfg.annotations.CollectionBinder :650 - Mapping collection: com.mycove.vo.Tenant.tenantPrivileges -> tenant_privilege
2011-07-05 18:39:16,507 INFO  org.hibernate.cfg.annotations.CollectionBinder :650 - Mapping collection: com.mycove.vo.Messages.messageCCs -> messages_cc
2011-07-05 18:39:16,507 INFO  org.hibernate.cfg.annotations.CollectionBinder :650 - Mapping collection: com.mycove.vo.Messages.messagesTos -> messages_to
2011-07-05 18:39:16,507 INFO  org.hibernate.cfg.annotations.CollectionBinder :650 - Mapping collection: com.mycove.vo.Role.rolePrivileges -> role_privilege
2011-07-05 18:39:16,507 INFO  org.hibernate.cfg.annotations.CollectionBinder :650 - Mapping collection: com.mycove.vo.Role.userProperties -> user_property
2011-07-05 18:39:16,507 INFO  org.hibernate.cfg.annotations.CollectionBinder :650 - Mapping collection: com.mycove.vo.Survey.surveyOptionses -> survey_options
2011-07-05 18:39:16,507 INFO  org.hibernate.cfg.AnnotationConfiguration :369 - Hibernate Validator not found: ignoring
2011-07-05 18:39:16,710 INFO  org.hibernate.cfg.search.HibernateSearchEventListenerRegister :53 - Unable to find org.hibernate.search.event.FullTextIndexEventListener on the classpath. Hibernate Search is not enabled.
2011-07-05 18:39:16,835 INFO  org.hibernate.connection.DriverManagerConnectionProvider :64 - Using Hibernate built-in connection pool (not for production use!)
2011-07-05 18:39:16,835 INFO  org.hibernate.connection.DriverManagerConnectionProvider :65 - Hibernate connection pool size: 20
2011-07-05 18:39:16,835 INFO  org.hibernate.connection.DriverManagerConnectionProvider :68 - autocommit mode: true
2011-07-05 18:39:17,569 INFO  org.hibernate.connection.DriverManagerConnectionProvider :103 - using driver: org.postgresql.Driver at URL: jdbc:postgresql://localhost:5432/mycove
2011-07-05 18:39:17,569 INFO  org.hibernate.connection.DriverManagerConnectionProvider :109 - connection properties: {user=postgres, password=****, autocommit=true, release_mode=auto}
2011-07-05 18:39:27,241 INFO  org.hibernate.cfg.SettingsFactory :116 - RDBMS: PostgreSQL, version: 8.4.5
2011-07-05 18:39:27,241 INFO  org.hibernate.cfg.SettingsFactory :117 - JDBC driver: PostgreSQL Native Driver, version: PostgreSQL 8.4 JDBC4 (build 701)
2011-07-05 18:39:27,382 INFO  org.hibernate.dialect.Dialect :175 - Using dialect: org.hibernate.dialect.PostgreSQLDialect
2011-07-05 18:39:27,413 INFO  org.hibernate.transaction.TransactionFactoryFactory :62 - Transaction strategy: org.hibernate.transaction.JDBCTransactionFactory
2011-07-05 18:39:27,413 INFO  org.hibernate.transaction.TransactionManagerLookupFactory :80 - No TransactionManagerLookup configured (in JTA environment, use of read-write or transactional second-level cache is not recommended)
2011-07-05 18:39:27,413 INFO  org.hibernate.cfg.SettingsFactory :170 - Automatic flush during beforeCompletion(): disabled
2011-07-05 18:39:27,413 INFO  org.hibernate.cfg.SettingsFactory :174 - Automatic session close at end of transaction: disabled
2011-07-05 18:39:27,413 INFO  org.hibernate.cfg.SettingsFactory :181 - JDBC batch size: 15
2011-07-05 18:39:27,413 INFO  org.hibernate.cfg.SettingsFactory :184 - JDBC batch updates for versioned data: disabled
2011-07-05 18:39:27,413 INFO  org.hibernate.cfg.SettingsFactory :189 - Scrollable result sets: enabled
2011-07-05 18:39:27,413 INFO  org.hibernate.cfg.SettingsFactory :197 - JDBC3 getGeneratedKeys(): enabled
2011-07-05 18:39:27,413 INFO  org.hibernate.cfg.SettingsFactory :205 - Connection release mode: auto
2011-07-05 18:39:27,429 INFO  org.hibernate.cfg.SettingsFactory :232 - Default batch fetch size: 1
2011-07-05 18:39:27,429 INFO  org.hibernate.cfg.SettingsFactory :236 - Generate SQL with comments: disabled
2011-07-05 18:39:27,429 INFO  org.hibernate.cfg.SettingsFactory :240 - Order SQL updates by primary key: disabled
2011-07-05 18:39:27,429 INFO  org.hibernate.cfg.SettingsFactory :244 - Order SQL inserts for batching: disabled
2011-07-05 18:39:27,429 INFO  org.hibernate.cfg.SettingsFactory :420 - Query translator: org.hibernate.hql.ast.ASTQueryTranslatorFactory
2011-07-05 18:39:27,460 INFO  org.hibernate.hql.ast.ASTQueryTranslatorFactory :47 - Using ASTQueryTranslatorFactory
2011-07-05 18:39:27,460 INFO  org.hibernate.cfg.SettingsFactory :252 - Query language substitutions: {}
2011-07-05 18:39:27,460 INFO  org.hibernate.cfg.SettingsFactory :257 - JPA-QL strict compliance: enabled
2011-07-05 18:39:27,460 INFO  org.hibernate.cfg.SettingsFactory :262 - Second-level cache: enabled
2011-07-05 18:39:27,460 INFO  org.hibernate.cfg.SettingsFactory :266 - Query cache: disabled
2011-07-05 18:39:27,460 INFO  org.hibernate.cfg.SettingsFactory :405 - Cache region factory : org.hibernate.cache.impl.NoCachingRegionFactory
2011-07-05 18:39:27,460 INFO  org.hibernate.cfg.SettingsFactory :276 - Optimize cache for minimal puts: disabled
2011-07-05 18:39:27,460 INFO  org.hibernate.cfg.SettingsFactory :285 - Structured second-level cache entries: disabled
2011-07-05 18:39:27,460 INFO  org.hibernate.cfg.SettingsFactory :314 - Statistics: disabled
2011-07-05 18:39:27,460 INFO  org.hibernate.cfg.SettingsFactory :318 - Deleted entity synthetic identifier rollback: disabled
2011-07-05 18:39:27,476 INFO  org.hibernate.cfg.SettingsFactory :333 - Default entity-mode: pojo
2011-07-05 18:39:27,476 INFO  org.hibernate.cfg.SettingsFactory :337 - Named query checking : enabled
2011-07-05 18:39:27,632 INFO  org.hibernate.impl.SessionFactoryImpl :187 - building session factory
2011-07-05 18:39:28,491 INFO  org.hibernate.impl.SessionFactoryObjectFactory :105 - Not binding factory to JNDI, no JNDI name configured
2011-07-05 18:43:07,693 INFO  coreservlets.HelloServlet3 :25 - invoked the LoggingServlet..........
2011-07-05 18:43:07,693 INFO  coreservlets.HelloServlet3 :31 - http://192.168.1.63:8201/intro/seep
2011-07-05 18:43:07,693 INFO  coreservlets.HelloServlet3 :32 - pid=321
2011-07-05 18:43:07,693 INFO  coreservlets.HelloServlet3 :49 - end..........
2011-07-05 18:52:33,908 INFO  coreservlets.HelloServlet3 :25 - invoked the LoggingServlet..........
2011-07-05 18:52:33,908 INFO  coreservlets.HelloServlet3 :31 - http://192.168.1.63:8201/intro/seep
2011-07-05 18:52:33,908 INFO  coreservlets.HelloServlet3 :32 - pid=1245
2011-07-05 18:52:33,908 INFO  coreservlets.HelloServlet3 :49 - end..........
