2011-07-13 14:45:46,330 INFO  coreservlets.HelloServlet3 :27 - invoked the LoggingServlet..........
2011-07-13 14:45:46,439 INFO  coreservlets.HelloServlet3 :32 - http://192.168.1.63:8201/intro/seep
2011-07-13 14:45:46,439 INFO  coreservlets.HelloServlet3 :33 - CrewId=3
2011-07-13 14:45:46,439 INFO  coreservlets.HelloServlet3 :36 - con...
2011-07-13 14:45:46,955 INFO  coreservlets.HelloServlet3 :42 - ok
2011-07-13 14:45:47,096 INFO  coreservlets.HelloServlet3 :100 - success
2011-07-13 14:45:47,096 INFO  coreservlets.HelloServlet3 :105 - end..........
2011-07-13 14:46:05,142 INFO  coreservlets.HelloServlet3 :27 - invoked the LoggingServlet..........
2011-07-13 14:46:05,142 INFO  coreservlets.HelloServlet3 :32 - http://192.168.1.63:8201/intro/seep
2011-07-13 14:46:05,142 INFO  coreservlets.HelloServlet3 :33 - CrewId=12
2011-07-13 14:46:05,142 INFO  coreservlets.HelloServlet3 :36 - con...
2011-07-13 14:46:05,157 INFO  coreservlets.HelloServlet3 :42 - ok
2011-07-13 14:46:05,189 INFO  coreservlets.HelloServlet3 :105 - end..........
2011-07-13 14:46:12,704 INFO  coreservlets.HelloServlet3 :27 - invoked the LoggingServlet..........
2011-07-13 14:46:12,704 INFO  coreservlets.HelloServlet3 :32 - http://192.168.1.63:8201/intro/seep
2011-07-13 14:46:12,704 INFO  coreservlets.HelloServlet3 :33 - CrewId=15
2011-07-13 14:46:12,704 INFO  coreservlets.HelloServlet3 :36 - con...
2011-07-13 14:46:12,704 INFO  coreservlets.HelloServlet3 :42 - ok
2011-07-13 14:46:12,735 INFO  coreservlets.HelloServlet3 :105 - end..........
2011-07-13 14:46:17,610 INFO  coreservlets.HelloServlet3 :27 - invoked the LoggingServlet..........
2011-07-13 14:46:17,610 INFO  coreservlets.HelloServlet3 :32 - http://192.168.1.63:8201/intro/seep
2011-07-13 14:46:17,626 INFO  coreservlets.HelloServlet3 :33 - CrewId=4
2011-07-13 14:46:17,626 INFO  coreservlets.HelloServlet3 :36 - con...
2011-07-13 14:46:17,626 INFO  coreservlets.HelloServlet3 :42 - ok
2011-07-13 14:46:17,657 INFO  coreservlets.HelloServlet3 :100 - success
2011-07-13 14:46:17,657 INFO  coreservlets.HelloServlet3 :105 - end..........
2011-07-13 15:14:51,713 INFO  coreservlets.HelloServlet3 :27 - invoked the LoggingServlet..........
2011-07-13 15:14:51,744 INFO  coreservlets.HelloServlet3 :32 - http://192.168.1.63:8201/intro/seep
2011-07-13 15:14:51,744 INFO  coreservlets.HelloServlet3 :33 - CrewId=4
2011-07-13 15:14:51,744 INFO  coreservlets.HelloServlet3 :36 - con...
2011-07-13 15:15:10,431 INFO  coreservlets.HelloServlet3 :27 - invoked the LoggingServlet..........
2011-07-13 15:15:10,431 INFO  coreservlets.HelloServlet3 :32 - http://192.168.1.63:8201/intro/seep
2011-07-13 15:15:10,431 INFO  coreservlets.HelloServlet3 :33 - CrewId=4
2011-07-13 15:15:10,431 INFO  coreservlets.HelloServlet3 :36 - con...
2011-07-13 15:15:16,821 INFO  coreservlets.HelloServlet3 :27 - invoked the LoggingServlet..........
2011-07-13 15:15:16,821 INFO  coreservlets.HelloServlet3 :32 - http://192.168.1.63:8201/intro/seep
2011-07-13 15:15:16,821 INFO  coreservlets.HelloServlet3 :33 - CrewId=4
2011-07-13 15:15:16,821 INFO  coreservlets.HelloServlet3 :36 - con...
2011-07-13 15:15:31,540 INFO  coreservlets.HelloServlet3 :27 - invoked the LoggingServlet..........
2011-07-13 15:15:31,555 INFO  coreservlets.HelloServlet3 :32 - http://192.168.1.63:8201/intro/seep
2011-07-13 15:15:31,555 INFO  coreservlets.HelloServlet3 :33 - CrewId=4
2011-07-13 15:15:31,555 INFO  coreservlets.HelloServlet3 :36 - con...
2011-07-13 15:15:37,774 INFO  coreservlets.HelloServlet3 :27 - invoked the LoggingServlet..........
2011-07-13 15:15:37,774 INFO  coreservlets.HelloServlet3 :32 - http://192.168.1.63:8201/intro/seep
2011-07-13 15:15:37,774 INFO  coreservlets.HelloServlet3 :33 - CrewId=4
2011-07-13 15:15:37,774 INFO  coreservlets.HelloServlet3 :36 - con...
2011-07-13 17:14:22,762 INFO  coreservlets.HelloServlet3 :30 - invoked the IfByPhone Test..........
2011-07-13 17:14:22,778 INFO  coreservlets.HelloServlet3 :34 - http://192.168.1.63:8201/intro/seep
2011-07-13 17:14:22,778 INFO  coreservlets.HelloServlet3 :35 - CrewId=3
2011-07-13 17:14:22,778 INFO  coreservlets.HelloServlet3 :37 - con...
2011-07-13 17:14:23,122 INFO  coreservlets.HelloServlet3 :43 - ok
2011-07-13 17:14:23,278 INFO  coreservlets.HelloServlet3 :105 - success
2011-07-13 17:14:50,761 INFO  coreservlets.HelloServlet3 :30 - invoked the IfByPhone Test..........
2011-07-13 17:14:50,761 INFO  coreservlets.HelloServlet3 :34 - http://192.168.1.63:8201/intro/seep
2011-07-13 17:14:50,761 INFO  coreservlets.HelloServlet3 :35 - WorkGroup_Id=1391
2011-07-13 17:14:50,761 INFO  coreservlets.HelloServlet3 :37 - con...
2011-07-13 17:14:50,761 INFO  coreservlets.HelloServlet3 :43 - ok
2011-07-13 17:14:50,793 INFO  coreservlets.HelloServlet3 :155 - success
2011-07-13 17:36:07,338 INFO  coreservlets.HelloServlet3 :30 - invoked the IfByPhone Test..........
2011-07-13 17:36:07,338 INFO  coreservlets.HelloServlet3 :34 - http://192.168.1.63:8201/intro/seep
2011-07-13 17:36:07,338 INFO  coreservlets.HelloServlet3 :35 - CrewId=4
2011-07-13 17:36:07,338 INFO  coreservlets.HelloServlet3 :37 - con...
2011-07-13 17:36:28,385 INFO  coreservlets.HelloServlet3 :30 - invoked the IfByPhone Test..........
2011-07-13 17:36:28,385 INFO  coreservlets.HelloServlet3 :34 - http://192.168.1.63:8201/intro/seep
2011-07-13 17:36:28,385 INFO  coreservlets.HelloServlet3 :35 - CrewId=4
2011-07-13 17:36:28,385 INFO  coreservlets.HelloServlet3 :37 - con...
2011-07-13 17:36:28,400 INFO  coreservlets.HelloServlet3 :43 - ok
2011-07-13 17:36:28,431 INFO  coreservlets.HelloServlet3 :105 - success
2011-07-13 17:36:36,728 INFO  coreservlets.HelloServlet3 :30 - invoked the IfByPhone Test..........
2011-07-13 17:36:36,728 INFO  coreservlets.HelloServlet3 :34 - http://192.168.1.63:8201/intro/seep
2011-07-13 17:36:36,744 INFO  coreservlets.HelloServlet3 :35 - CrewId=5
2011-07-13 17:36:36,744 INFO  coreservlets.HelloServlet3 :37 - con...
2011-07-13 17:36:36,744 INFO  coreservlets.HelloServlet3 :43 - ok
2011-07-13 17:36:36,775 INFO  coreservlets.HelloServlet3 :105 - success
