2011-07-19 13:16:23,932 INFO  coreservlets.HelloServlet3 :30 - invoked the IfByPhone Test..........
2011-07-19 13:16:24,057 INFO  coreservlets.HelloServlet3 :34 - http://192.168.1.63:8201/intro/seep
2011-07-19 13:16:24,057 INFO  coreservlets.HelloServlet3 :35 - CrewId=1&survoId=335501&time=11-07-19%2003%3A45%3A17
2011-07-19 13:16:24,057 INFO  coreservlets.HelloServlet3 :37 - con...
2011-07-19 13:16:24,385 INFO  coreservlets.HelloServlet3 :43 - ok
2011-07-19 13:16:24,385 INFO  coreservlets.HelloServlet3 :44 - CrewId=1&survoId=335501&time=11-07-19%2003%3A45%3A17
2011-07-19 13:16:24,385 INFO  coreservlets.HelloServlet3 :62 - check335501
2011-07-19 13:16:24,385 INFO  coreservlets.HelloServlet3 :64 - CrewId=1
2011-07-19 13:16:24,385 INFO  coreservlets.HelloServlet3 :83 - CrewId=1&survoId=335501&time=11-07-19%2003%3A45%3A17
2011-07-19 13:16:24,807 INFO  coreservlets.HelloServlet3 :108 - success
2011-07-19 13:16:46,042 INFO  coreservlets.HelloServlet3 :30 - invoked the IfByPhone Test..........
2011-07-19 13:16:46,042 INFO  coreservlets.HelloServlet3 :34 - http://192.168.1.63:8201/intro/seep
2011-07-19 13:16:46,042 INFO  coreservlets.HelloServlet3 :35 - WorkGroup_Id=NA&survoId=336061
2011-07-19 13:16:46,042 INFO  coreservlets.HelloServlet3 :37 - con...
2011-07-19 13:16:46,057 INFO  coreservlets.HelloServlet3 :43 - ok
2011-07-19 13:16:46,057 INFO  coreservlets.HelloServlet3 :44 - WorkGroup_Id=NA&survoId=336061
2011-07-19 13:30:24,740 INFO  coreservlets.HelloServlet3 :30 - invoked the IfByPhone Test..........
2011-07-19 13:30:24,740 INFO  coreservlets.HelloServlet3 :34 - http://192.168.1.63:8201/intro/seep
2011-07-19 13:30:24,740 INFO  coreservlets.HelloServlet3 :35 - CrewId=2&survoId=335501&time=11-07-19%2003%3A59%3A18
2011-07-19 13:30:24,740 INFO  coreservlets.HelloServlet3 :37 - con...
2011-07-19 13:30:25,147 INFO  coreservlets.HelloServlet3 :43 - ok
2011-07-19 13:30:25,147 INFO  coreservlets.HelloServlet3 :44 - CrewId=2&survoId=335501&time=11-07-19%2003%3A59%3A18
2011-07-19 13:30:25,147 INFO  coreservlets.HelloServlet3 :62 - check335501
2011-07-19 13:30:25,147 INFO  coreservlets.HelloServlet3 :64 - CrewId=2
2011-07-19 13:30:25,147 INFO  coreservlets.HelloServlet3 :83 - CrewId=2&survoId=335501&time=11-07-19%2003%3A59%3A18
2011-07-19 13:30:25,600 INFO  coreservlets.HelloServlet3 :108 - success
2011-07-19 13:30:39,303 INFO  coreservlets.HelloServlet3 :30 - invoked the IfByPhone Test..........
2011-07-19 13:30:39,303 INFO  coreservlets.HelloServlet3 :34 - http://192.168.1.63:8201/intro/seep
2011-07-19 13:30:39,319 INFO  coreservlets.HelloServlet3 :35 - WorkGroup_Id=NA&survoId=336061
2011-07-19 13:30:39,319 INFO  coreservlets.HelloServlet3 :37 - con...
2011-07-19 13:30:39,319 INFO  coreservlets.HelloServlet3 :43 - ok
2011-07-19 13:30:39,319 INFO  coreservlets.HelloServlet3 :44 - WorkGroup_Id=NA&survoId=336061
2011-07-19 16:53:13,374 INFO  coreservlets.HelloServlet3 :30 - invoked the IfByPhone Test..........
2011-07-19 16:53:13,374 INFO  coreservlets.HelloServlet3 :34 - http://192.168.1.63:8201/intro/seep
2011-07-19 16:53:13,374 INFO  coreservlets.HelloServlet3 :35 - CrewId=2233&survoId=335501
2011-07-19 16:53:13,374 INFO  coreservlets.HelloServlet3 :37 - con...
2011-07-19 16:53:13,702 INFO  coreservlets.HelloServlet3 :43 - ok
2011-07-19 16:53:13,702 INFO  coreservlets.HelloServlet3 :44 - CrewId=2233&survoId=335501
2011-07-19 16:53:18,686 INFO  coreservlets.HelloServlet3 :30 - invoked the IfByPhone Test..........
2011-07-19 16:53:18,686 INFO  coreservlets.HelloServlet3 :34 - http://192.168.1.63:8201/intro/seep
2011-07-19 16:53:18,686 INFO  coreservlets.HelloServlet3 :35 - CrewId=2233&survoId=335501
2011-07-19 16:53:18,686 INFO  coreservlets.HelloServlet3 :37 - con...
2011-07-19 16:53:18,702 INFO  coreservlets.HelloServlet3 :43 - ok
2011-07-19 16:53:18,702 INFO  coreservlets.HelloServlet3 :44 - CrewId=2233&survoId=335501
2011-07-19 16:53:56,686 INFO  coreservlets.HelloServlet3 :30 - invoked the IfByPhone Test..........
2011-07-19 16:53:56,686 INFO  coreservlets.HelloServlet3 :34 - http://192.168.1.63:8201/intro/seep
2011-07-19 16:53:56,686 INFO  coreservlets.HelloServlet3 :35 - CrewId=22w33&survoId=335501
2011-07-19 16:53:56,686 INFO  coreservlets.HelloServlet3 :37 - con...
2011-07-19 16:53:56,702 INFO  coreservlets.HelloServlet3 :43 - ok
2011-07-19 16:53:56,702 INFO  coreservlets.HelloServlet3 :44 - CrewId=22w33&survoId=335501
2011-07-19 16:57:42,654 INFO  coreservlets.HelloServlet3 :30 - invoked the IfByPhone Test..........
2011-07-19 16:57:42,669 INFO  coreservlets.HelloServlet3 :34 - http://192.168.1.63:8201/intro/seep
2011-07-19 16:57:42,669 INFO  coreservlets.HelloServlet3 :35 - CrewId=22w33&survoId=335501
2011-07-19 16:57:42,669 INFO  coreservlets.HelloServlet3 :37 - con...
2011-07-19 16:57:43,060 INFO  coreservlets.HelloServlet3 :43 - ok
2011-07-19 16:57:43,060 INFO  coreservlets.HelloServlet3 :44 - CrewId=22w33&survoId=335501
2011-07-19 17:00:51,137 INFO  coreservlets.HelloServlet3 :30 - invoked the IfByPhone Test..........
2011-07-19 17:00:51,137 INFO  coreservlets.HelloServlet3 :34 - http://192.168.1.63:8201/intro/seep
2011-07-19 17:00:51,137 INFO  coreservlets.HelloServlet3 :35 - CrewId=2233&survoId=335501
2011-07-19 17:00:51,137 INFO  coreservlets.HelloServlet3 :37 - con...
2011-07-19 17:00:51,184 INFO  coreservlets.HelloServlet3 :43 - ok
2011-07-19 17:00:51,184 INFO  coreservlets.HelloServlet3 :44 - CrewId=2233&survoId=335501
2011-07-19 17:01:17,918 INFO  coreservlets.HelloServlet3 :30 - invoked the IfByPhone Test..........
2011-07-19 17:01:17,918 INFO  coreservlets.HelloServlet3 :34 - http://192.168.1.63:8201/intro/seep
2011-07-19 17:01:17,918 INFO  coreservlets.HelloServlet3 :35 - CrewId=2233&survoId=335501
2011-07-19 17:01:17,918 INFO  coreservlets.HelloServlet3 :37 - con...
2011-07-19 17:01:17,933 INFO  coreservlets.HelloServlet3 :43 - ok
2011-07-19 17:01:17,933 INFO  coreservlets.HelloServlet3 :44 - CrewId=2233&survoId=335501
2011-07-19 17:06:36,447 INFO  coreservlets.HelloServlet3 :30 - invoked the IfByPhone Test..........
2011-07-19 17:06:36,447 INFO  coreservlets.HelloServlet3 :34 - http://192.168.1.63:8201/intro/seep
2011-07-19 17:06:36,447 INFO  coreservlets.HelloServlet3 :35 - CrewId=2233&survoId=335501
2011-07-19 17:06:36,447 INFO  coreservlets.HelloServlet3 :37 - con...
2011-07-19 17:06:36,760 INFO  coreservlets.HelloServlet3 :43 - ok
2011-07-19 17:06:36,760 INFO  coreservlets.HelloServlet3 :44 - CrewId=2233&survoId=335501
2011-07-19 17:24:51,387 INFO  coreservlets.HelloServlet3 :30 - invoked the IfByPhone Test..........
2011-07-19 17:24:51,387 INFO  coreservlets.HelloServlet3 :34 - http://192.168.1.63:8201/intro/seep
2011-07-19 17:24:51,387 INFO  coreservlets.HelloServlet3 :35 - CrewId=2233&survoId=335501
2011-07-19 17:24:51,387 INFO  coreservlets.HelloServlet3 :37 - con...
2011-07-19 17:24:51,402 INFO  coreservlets.HelloServlet3 :43 - ok
2011-07-19 17:24:51,402 INFO  coreservlets.HelloServlet3 :44 - CrewId=2233&survoId=335501
2011-07-19 17:47:19,272 INFO  org.apache.struts.util.PropertyMessageResources :127 - Initializing, config='org.apache.struts.util.LocalStrings', returnNull=true
2011-07-19 17:47:19,287 INFO  org.apache.struts.util.PropertyMessageResources :127 - Initializing, config='org.apache.struts.actions.LocalStrings', returnNull=true
2011-07-19 17:49:07,646 INFO  org.apache.struts.util.PropertyMessageResources :127 - Initializing, config='org.apache.struts.util.LocalStrings', returnNull=true
2011-07-19 17:49:07,662 INFO  org.apache.struts.util.PropertyMessageResources :127 - Initializing, config='org.apache.struts.actions.LocalStrings', returnNull=true
2011-07-19 17:49:31,083 INFO  org.apache.struts.util.PropertyMessageResources :127 - Initializing, config='org.apache.struts.util.LocalStrings', returnNull=true
2011-07-19 17:49:31,083 INFO  org.apache.struts.util.PropertyMessageResources :127 - Initializing, config='org.apache.struts.actions.LocalStrings', returnNull=true
2011-07-19 17:50:50,942 INFO  org.apache.struts.util.PropertyMessageResources :127 - Initializing, config='org.apache.struts.util.LocalStrings', returnNull=true
2011-07-19 17:50:50,958 INFO  org.apache.struts.util.PropertyMessageResources :127 - Initializing, config='org.apache.struts.actions.LocalStrings', returnNull=true
2011-07-19 18:17:32,408 INFO  coreservlets.HelloServlet3 :30 - invoked the IfByPhone Test..........
2011-07-19 18:17:32,423 INFO  coreservlets.HelloServlet3 :34 - http://192.168.1.63:8201/intro/seep
2011-07-19 18:17:32,423 INFO  coreservlets.HelloServlet3 :35 - CrewId=1222&survoId=335501
2011-07-19 18:17:32,423 INFO  coreservlets.HelloServlet3 :37 - con...
2011-07-19 18:17:32,767 INFO  coreservlets.HelloServlet3 :43 - ok
2011-07-19 18:17:32,767 INFO  coreservlets.HelloServlet3 :44 - CrewId=1222&survoId=335501
2011-07-19 18:52:58,373 INFO  coreservlets.HelloServlet3 :30 - invoked the IfByPhone Test..........
2011-07-19 18:52:58,388 INFO  coreservlets.HelloServlet3 :34 - http://192.168.1.63:8201/intro/seep
2011-07-19 18:52:58,388 INFO  coreservlets.HelloServlet3 :35 - CrewId=1222&survoId=335501
2011-07-19 18:52:58,404 INFO  coreservlets.HelloServlet3 :37 - con...
2011-07-19 18:52:58,654 INFO  coreservlets.HelloServlet3 :43 - ok
2011-07-19 18:52:58,654 INFO  coreservlets.HelloServlet3 :44 - CrewId=1222&survoId=335501
2011-07-19 19:19:13,191 INFO  coreservlets.HelloServlet3 :30 - invoked the IfByPhone Test..........
2011-07-19 19:19:13,207 INFO  coreservlets.HelloServlet3 :34 - http://192.168.1.63:8201/intro/seep
2011-07-19 19:19:13,207 INFO  coreservlets.HelloServlet3 :35 - CrewId=1222&survoId=335501
2011-07-19 19:19:13,207 INFO  coreservlets.HelloServlet3 :37 - con...
2011-07-19 19:19:13,535 INFO  coreservlets.HelloServlet3 :43 - ok
2011-07-19 19:19:13,550 INFO  coreservlets.HelloServlet3 :44 - CrewId=1222&survoId=335501
