2011-07-12 14:33:52,300 INFO  coreservlets.HelloServlet3 :27 - invoked the LoggingServlet..........
2011-07-12 14:33:52,378 INFO  coreservlets.HelloServlet3 :32 - http://192.168.1.63:8201/intro/seep
2011-07-12 14:33:52,378 INFO  coreservlets.HelloServlet3 :33 - CrewId=5
2011-07-12 14:33:52,378 INFO  coreservlets.HelloServlet3 :36 - con...
2011-07-12 14:33:53,003 INFO  coreservlets.HelloServlet3 :42 - ok
2011-07-12 14:33:53,143 INFO  coreservlets.HelloServlet3 :101 - success
2011-07-12 14:33:53,143 INFO  coreservlets.HelloServlet3 :108 - end..........
2011-07-12 14:34:26,260 INFO  coreservlets.HelloServlet3 :27 - invoked the LoggingServlet..........
2011-07-12 14:34:26,275 INFO  coreservlets.HelloServlet3 :32 - http://192.168.1.63:8201/intro/seep
2011-07-12 14:34:26,275 INFO  coreservlets.HelloServlet3 :33 - WorkGroup_Id=1391
2011-07-12 14:34:26,275 INFO  coreservlets.HelloServlet3 :36 - con...
2011-07-12 14:34:26,275 INFO  coreservlets.HelloServlet3 :42 - ok
2011-07-12 14:34:26,306 INFO  coreservlets.HelloServlet3 :101 - success
2011-07-12 14:34:26,306 INFO  coreservlets.HelloServlet3 :108 - end..........
2011-07-12 15:42:39,235 INFO  coreservlets.HelloServlet3 :27 - invoked the LoggingServlet..........
2011-07-12 15:42:39,235 INFO  coreservlets.HelloServlet3 :27 - invoked the LoggingServlet..........
2011-07-12 15:42:39,267 INFO  coreservlets.HelloServlet3 :32 - http://192.168.1.63:8201/intro/seep
2011-07-12 15:42:39,267 INFO  coreservlets.HelloServlet3 :32 - http://192.168.1.63:8201/intro/seep
2011-07-12 15:42:39,267 INFO  coreservlets.HelloServlet3 :33 - CrewId=3
2011-07-12 15:42:39,267 INFO  coreservlets.HelloServlet3 :36 - con...
2011-07-12 15:42:39,267 INFO  coreservlets.HelloServlet3 :33 - CrewId=3
2011-07-12 15:42:39,267 INFO  coreservlets.HelloServlet3 :36 - con...
2011-07-12 15:42:41,938 INFO  coreservlets.HelloServlet3 :42 - ok
2011-07-12 15:42:41,938 INFO  coreservlets.HelloServlet3 :42 - ok
2011-07-12 15:42:42,251 INFO  coreservlets.HelloServlet3 :101 - success
2011-07-12 15:42:42,251 INFO  coreservlets.HelloServlet3 :101 - success
2011-07-12 15:42:42,251 INFO  coreservlets.HelloServlet3 :108 - end..........
2011-07-12 15:42:42,251 INFO  coreservlets.HelloServlet3 :108 - end..........
2011-07-12 15:45:20,179 INFO  coreservlets.HelloServlet3 :27 - invoked the LoggingServlet..........
2011-07-12 15:45:20,195 INFO  coreservlets.HelloServlet3 :32 - http://192.168.1.63:8201/intro/seep
2011-07-12 15:45:20,195 INFO  coreservlets.HelloServlet3 :33 - CrewId=3
2011-07-12 15:45:20,195 INFO  coreservlets.HelloServlet3 :36 - con...
2011-07-12 15:45:21,023 INFO  coreservlets.HelloServlet3 :42 - ok
2011-07-12 15:45:21,179 INFO  coreservlets.HelloServlet3 :100 - success
2011-07-12 15:45:21,179 INFO  coreservlets.HelloServlet3 :105 - end..........
2011-07-12 15:48:51,396 INFO  coreservlets.HelloServlet3 :27 - invoked the LoggingServlet..........
2011-07-12 15:48:51,411 INFO  coreservlets.HelloServlet3 :32 - http://192.168.1.63:8201/intro/seep
2011-07-12 15:48:51,411 INFO  coreservlets.HelloServlet3 :33 - CrewId=3
2011-07-12 15:48:51,411 INFO  coreservlets.HelloServlet3 :36 - con...
2011-07-12 15:48:51,708 INFO  coreservlets.HelloServlet3 :42 - ok
2011-07-12 15:48:51,849 INFO  coreservlets.HelloServlet3 :100 - success
2011-07-12 15:48:51,849 INFO  coreservlets.HelloServlet3 :105 - end..........
